#
# A fatal error has been detected by the Java Runtime Environment:
#
#  SIGSEGV (0xb) at pc=0x00007fbb97d9fdd8, pid=2502, tid=2525
#
# JRE version: OpenJDK Runtime Environment (11.0.10+9) (build 11.0.10+9-Ubuntu-0ubuntu1.20.04)
# Java VM: OpenJDK 64-Bit Server VM (11.0.10+9-Ubuntu-0ubuntu1.20.04, mixed mode, sharing, tiered, compressed oops, parallel gc, linux-amd64)
# Problematic frame:
# V  [libjvm.so+0x47add8]
#
# Core dump will be written. Default location: Core dumps may be processed with "/lib/systemd/systemd-coredump %P %u %g %s %t 9223372036854775808 %h" (or dumping to /home/juanipis/Programacion/fundamentos_java_eia/core.2502)
#
# If you would like to submit a bug report, please visit:
#   https://bugs.launchpad.net/ubuntu/+source/openjdk-lts
#

---------------  S U M M A R Y ------------

Command Line: --add-modules=ALL-SYSTEM --add-opens=java.base/java.util=ALL-UNNAMED --add-opens=java.base/java.lang=ALL-UNNAMED -Declipse.application=org.eclipse.jdt.ls.core.id1 -Dosgi.bundles.defaultStartLevel=4 -Declipse.product=org.eclipse.jdt.ls.core.product -Dfile.encoding=utf8 -XX:+UseParallelGC -XX:GCTimeRatio=4 -XX:AdaptiveSizePolicyWeight=90 -Dsun.zip.disableMemoryMapping=true -Xmx1G -Xms100m -Xverify:none /home/juanipis/.vscode/extensions/redhat.java-0.75.0/server/plugins/org.eclipse.equinox.launcher_1.6.0.v20200915-1508.jar -configuration /home/juanipis/.config/Code/User/globalStorage/redhat.java/0.75.0/config_linux -data /home/juanipis/.config/Code/User/workspaceStorage/105db25c69e7ceb41560b2b36f3cc134/redhat.java/jdt_ws

Host: Intel(R) Pentium(R) CPU  N3540  @ 2.16GHz, 4 cores, 7G, Linux Mint 20.1 Ulyssa
Time: Tue Feb 23 09:33:54 2021 -05 elapsed time: 4363.383366 seconds (0d 1h 12m 43s)

---------------  T H R E A D  ---------------

Current thread (0x00007fbb9016c800):  JavaThread "C2 CompilerThread0" daemon [_thread_in_native, id=2525, stack(0x00007fbb72df7000,0x00007fbb72ef8000)]


Current CompileTask:
C2:4363384 22622       4       org.eclipse.jdt.internal.core.util.PublicScanner::scanNumber (1667 bytes)

Stack: [0x00007fbb72df7000,0x00007fbb72ef8000],  sp=0x00007fbb72ef35f0,  free space=1009k
Native frames: (J=compiled Java code, A=aot compiled Java code, j=interpreted, Vv=VM code, C=native code)
V  [libjvm.so+0x47add8]
V  [libjvm.so+0x47b3bf]
V  [libjvm.so+0x47c43f]
V  [libjvm.so+0xbeb6ca]
V  [libjvm.so+0x60bace]
V  [libjvm.so+0x60f3cf]
V  [libjvm.so+0x5365cf]
V  [libjvm.so+0x617d51]
V  [libjvm.so+0x618f28]
V  [libjvm.so+0xe1b50f]
V  [libjvm.so+0xe17b40]
V  [libjvm.so+0xbd5436]


siginfo: si_signo: 11 (SIGSEGV), si_code: 1 (SEGV_MAPERR), si_addr: 0x0000000000000000

Register to memory mapping:

RAX=0x00007fbb54536178 points into unknown readable memory: 0x00007fbb5443b800 | 00 b8 43 54 bb 7f 00 00
RBX=0x0000000000000003 is an unknown value
RCX=0x0000000000000003 is an unknown value
RDX=0x0000000000000008 is an unknown value
RSP=0x00007fbb72ef35f0 is pointing into the stack for thread: 0x00007fbb9016c800
RBP=0x00007fbb72ef3670 is pointing into the stack for thread: 0x00007fbb9016c800
RSI=0x00007fbb54acb390 points into unknown readable memory: 0x00000000c04c0008 | 08 00 4c c0 00 00 00 00
RDI=0x00007fbb543d28e8 points into unknown readable memory: 0x00007fbb98acf590 | 90 f5 ac 98 bb 7f 00 00
R8 =0x00007fbb54acb390 points into unknown readable memory: 0x00000000c04c0008 | 08 00 4c c0 00 00 00 00
R9 =0x00007fbb5500d598 points into unknown readable memory: 0x00007fbb98a78a50 | 50 8a a7 98 bb 7f 00 00
R10=0x00007fbb54537450 points into unknown readable memory: 0x00007fbb54535cb2 | b2 5c 53 54 bb 7f 00 00
R11=0x000000000000000b is an unknown value
R12=0x0000000000000017 is an unknown value
R13=0x00007fbb54537450 points into unknown readable memory: 0x00007fbb54535cb2 | b2 5c 53 54 bb 7f 00 00
R14=0x0 is NULL
R15=0x0000000000000003 is an unknown value


Registers:
RAX=0x00007fbb54536178, RBX=0x0000000000000003, RCX=0x0000000000000003, RDX=0x0000000000000008
RSP=0x00007fbb72ef35f0, RBP=0x00007fbb72ef3670, RSI=0x00007fbb54acb390, RDI=0x00007fbb543d28e8
R8 =0x00007fbb54acb390, R9 =0x00007fbb5500d598, R10=0x00007fbb54537450, R11=0x000000000000000b
R12=0x0000000000000017, R13=0x00007fbb54537450, R14=0x0000000000000000, R15=0x0000000000000003
RIP=0x00007fbb97d9fdd8, EFLAGS=0x0000000000010212, CSGSFS=0x002b000000000033, ERR=0x0000000000000004
  TRAPNO=0x000000000000000e

Top of Stack: (sp=0x00007fbb72ef35f0)
0x00007fbb72ef35f0:   00007fbb5811dfa0 00007fbb5495c7e0
0x00007fbb72ef3600:   00007fbb72ef3a00 00007fbb543d28e8
0x00007fbb72ef3610:   00007fbb543d28e8 0000000800000014
0x00007fbb72ef3620:   00007fbb54537480 00007fbb00000003 

Instructions: (pc=0x00007fbb97d9fdd8)
0x00007fbb97d9fcd8:   41 57 41 56 41 55 49 89 fd bf 10 00 00 00 41 54
0x00007fbb97d9fce8:   41 89 d4 53 48 83 ec 58 48 8b 41 58 44 8b 71 50
0x00007fbb97d9fcf8:   48 89 75 98 48 8d 35 05 08 dd 00 48 89 4d 90 8b
0x00007fbb97d9fd08:   80 38 0c 00 00 4c 89 45 c8 2b 06 31 f6 44 89 75
0x00007fbb97d9fd18:   a8 89 45 ac 89 c3 e8 1d 42 80 00 48 89 45 b0 48
0x00007fbb97d9fd28:   85 c0 74 0d 89 da 44 89 f6 48 89 c7 e8 97 0e 74
0x00007fbb97d9fd38:   00 48 8b 7d 98 8b 47 2c 89 45 c0 83 e0 1f 83 f8
0x00007fbb97d9fd48:   1e b8 00 00 00 00 48 0f 44 c7 45 31 ff 48 89 45
0x00007fbb97d9fd58:   a0 48 8b 07 ff 90 88 00 00 00 48 89 45 88 41 8d
0x00007fbb97d9fd68:   44 24 ff 48 89 45 c0 45 85 e4 0f 8e 82 01 00 00
0x00007fbb97d9fd78:   0f 1f 84 00 00 00 00 00 44 89 f8 48 8b 75 c8 ba
0x00007fbb97d9fd88:   01 00 00 00 44 89 f9 c1 f8 05 44 89 fb d3 e2 48
0x00007fbb97d9fd98:   98 85 14 86 0f 84 c6 00 00 00 48 8d 05 5f 07 dd
0x00007fbb97d9fda8:   00 44 89 7d b8 4c 8b 20 45 39 fc 0f 8f 57 01 00
0x00007fbb97d9fdb8:   00 44 89 f8 44 29 e0 39 45 ac 0f 8e 00 02 00 00
0x00007fbb97d9fdc8:   03 45 a8 48 98 49 01 c4 49 8b 45 08 4e 8b 34 f8
0x00007fbb97d9fdd8:   49 8b 06 4c 89 f7 ff 50 28 48 63 50 10 48 89 d7
0x00007fbb97d9fde8:   48 c1 e2 05 48 03 15 8d 6f d9 00 80 7a 10 00 0f
0x00007fbb97d9fdf8:   84 83 00 00 00 83 e3 01 75 66 49 f7 c4 00 c0 ff
0x00007fbb97d9fe08:   ff 0f 85 61 01 00 00 8b 40 24 85 c0 0f 85 be 01
0x00007fbb97d9fe18:   00 00 48 8b 4d a0 48 85 c9 0f 84 89 01 00 00 48
0x00007fbb97d9fe28:   8b 41 70 48 8b 40 18 8b 50 14 83 fa 05 0f 86 75
0x00007fbb97d9fe38:   01 00 00 48 8b 71 08 83 ea 06 48 8d 46 28 48 8d
0x00007fbb97d9fe48:   54 d6 30 eb 10 0f 1f 00 48 83 c0 08 48 39 c2 0f
0x00007fbb97d9fe58:   84 53 01 00 00 4c 39 30 75 ee 66 0f 1f 44 00 00
0x00007fbb97d9fe68:   49 8d 47 01 4c 39 7d c0 0f 84 84 00 00 00 49 89
0x00007fbb97d9fe78:   c7 e9 02 ff ff ff 66 90 83 ff 06 0f 85 97 00 00
0x00007fbb97d9fe88:   00 48 85 c0 0f 84 8e 00 00 00 49 f7 c4 00 c0 ff
0x00007fbb97d9fe98:   ff 0f 85 d1 00 00 00 48 8b 5d a0 48 85 db 74 38
0x00007fbb97d9fea8:   48 8b 43 70 48 8b 40 18 8b 50 14 83 fa 05 76 28
0x00007fbb97d9feb8:   48 8b 73 08 83 ea 06 48 8d 46 28 48 8d 54 d6 30
0x00007fbb97d9fec8:   eb 0f 66 0f 1f 44 00 00 48 83 c0 08 48 39 c2 74 


Stack slot to memory mapping:
stack at sp + 0 slots: 0x00007fbb5811dfa0 points into unknown readable memory: 0x00007fbb54531930 | 30 19 53 54 bb 7f 00 00
stack at sp + 1 slots: 0x00007fbb5495c7e0 points into unknown readable memory: 0x00007fbb5495c820 | 20 c8 95 54 bb 7f 00 00
stack at sp + 2 slots: 0x00007fbb72ef3a00 is pointing into the stack for thread: 0x00007fbb9016c800
stack at sp + 3 slots: 0x00007fbb543d28e8 points into unknown readable memory: 0x00007fbb98acf590 | 90 f5 ac 98 bb 7f 00 00
stack at sp + 4 slots: 0x00007fbb543d28e8 points into unknown readable memory: 0x00007fbb98acf590 | 90 f5 ac 98 bb 7f 00 00
stack at sp + 5 slots: 0x0000000800000014 is pointing into metadata
stack at sp + 6 slots: 0x00007fbb54537480 points into unknown readable memory: 0x0000000000000000 | 00 00 00 00 00 00 00 00
stack at sp + 7 slots: 0x00007fbb00000003 points into unknown readable memory: 00 bb 7f 00 00


---------------  P R O C E S S  ---------------

Threads class SMR info:
_java_thread_list=0x00007fbb3407a0d0, length=36, elements={
0x00007fbb90016000, 0x00007fbb9015c000, 0x00007fbb9015e000, 0x00007fbb90168800,
0x00007fbb9016a800, 0x00007fbb9016c800, 0x00007fbb9016f000, 0x00007fbb90171000,
0x00007fbb9019a000, 0x00007fbb902cc000, 0x00007fbb903a8800, 0x00007fbb903e1800,
0x00007fbb3402b800, 0x00007fbb34285000, 0x00007fbb344ab800, 0x00007fbb346ef800,
0x00007fbb903f3000, 0x00007fbb904cd000, 0x00007fbb08188000, 0x00007fbb080eb800,
0x00007fbb6414c000, 0x00007fbb64150800, 0x00007fbb00016000, 0x00007fbb044f3800,
0x00007fbafc150800, 0x00007fbb6800b800, 0x00007fbb080de800, 0x00007fbb0825f800,
0x00007fbb489f8000, 0x00007fbb6800c800, 0x00007fbafc02c000, 0x00007fbafc14b000,
0x00007fbb18014000, 0x00007fbafc178800, 0x00007fbb2002e000, 0x00007fbafc170800
}

Java Threads: ( => current thread )
  0x00007fbb90016000 JavaThread "main" [_thread_blocked, id=2504, stack(0x00007fbb974d9000,0x00007fbb975da000)]
  0x00007fbb9015c000 JavaThread "Reference Handler" daemon [_thread_blocked, id=2517, stack(0x00007fbb739f9000,0x00007fbb73afa000)]
  0x00007fbb9015e000 JavaThread "Finalizer" daemon [_thread_blocked, id=2519, stack(0x00007fbb738f8000,0x00007fbb739f9000)]
  0x00007fbb90168800 JavaThread "Signal Dispatcher" daemon [_thread_blocked, id=2521, stack(0x00007fbb72ff9000,0x00007fbb730fa000)]
  0x00007fbb9016a800 JavaThread "Service Thread" daemon [_thread_blocked, id=2523, stack(0x00007fbb72ef8000,0x00007fbb72ff9000)]
=>0x00007fbb9016c800 JavaThread "C2 CompilerThread0" daemon [_thread_in_native, id=2525, stack(0x00007fbb72df7000,0x00007fbb72ef8000)]
  0x00007fbb9016f000 JavaThread "C1 CompilerThread0" daemon [_thread_blocked, id=2527, stack(0x00007fbb72cf6000,0x00007fbb72df7000)]
  0x00007fbb90171000 JavaThread "Sweeper thread" daemon [_thread_blocked, id=2528, stack(0x00007fbb72bf5000,0x00007fbb72cf6000)]
  0x00007fbb9019a000 JavaThread "Common-Cleaner" daemon [_thread_blocked, id=2532, stack(0x00007fbb72af4000,0x00007fbb72bf5000)]
  0x00007fbb902cc000 JavaThread "Active Thread: Equinox Container: e1329885-e2fe-4216-a95f-084b8903853a" [_thread_blocked, id=2568, stack(0x00007fbb728f1000,0x00007fbb729f2000)]
  0x00007fbb903a8800 JavaThread "Framework Event Dispatcher: Equinox Container: e1329885-e2fe-4216-a95f-084b8903853a" daemon [_thread_blocked, id=2571, stack(0x00007fbb727f0000,0x00007fbb728f1000)]
  0x00007fbb903e1800 JavaThread "Start Level: Equinox Container: e1329885-e2fe-4216-a95f-084b8903853a" daemon [_thread_blocked, id=2572, stack(0x00007fbb726ef000,0x00007fbb727f0000)]
  0x00007fbb3402b800 JavaThread "SCR Component Actor" daemon [_thread_blocked, id=2574, stack(0x00007fbb723dd000,0x00007fbb724de000)]
  0x00007fbb34285000 JavaThread "Worker-JM" [_thread_blocked, id=2588, stack(0x00007fbb71cd5000,0x00007fbb71dd6000)]
  0x00007fbb344ab800 JavaThread "Java indexing" daemon [_thread_blocked, id=2596, stack(0x00007fbb71fd6000,0x00007fbb720d7000)]
  0x00007fbb346ef800 JavaThread "logback configurator timer" daemon [_thread_blocked, id=2602, stack(0x00007fbb710d1000,0x00007fbb711d2000)]
  0x00007fbb903f3000 JavaThread "pool-3-thread-1" [_thread_blocked, id=2604, stack(0x00007fbb70dd0000,0x00007fbb70ed1000)]
  0x00007fbb904cd000 JavaThread "pool-2-thread-1" [_thread_in_native, id=2608, stack(0x00007fbb709ce000,0x00007fbb70acf000)]
  0x00007fbb08188000 JavaThread "Bundle File Closer" daemon [_thread_blocked, id=2680, stack(0x00007fbaf2332000,0x00007fbaf2433000)]
  0x00007fbb080eb800 JavaThread "Java Debug Server" daemon [_thread_in_native, id=3326, stack(0x00007fbaf112e000,0x00007fbaf122f000)]
  0x00007fbb6414c000 JavaThread "RxSchedulerPurge-1" daemon [_thread_blocked, id=3328, stack(0x00007fbb715d2000,0x00007fbb716d3000)]
  0x00007fbb64150800 JavaThread "RxCachedWorkerPoolEvictor-1" daemon [_thread_blocked, id=3329, stack(0x00007fbaf0726000,0x00007fbaf0827000)]
  0x00007fbb00016000 JavaThread "Worker-30" [_thread_blocked, id=10054, stack(0x00007fbaf0625000,0x00007fbaf0726000)]
  0x00007fbb044f3800 JavaThread "ForkJoinPool.commonPool-worker-3" daemon [_thread_blocked, id=10332, stack(0x00007fbb716d3000,0x00007fbb717d4000)]
  0x00007fbafc150800 JavaThread "Worker-36" [_thread_blocked, id=13775, stack(0x00007fbaf0928000,0x00007fbaf0a29000)]
  0x00007fbb6800b800 JavaThread "Keep-Alive-SocketCleaner" daemon [_thread_blocked, id=13837, stack(0x00007fbaf0d2c000,0x00007fbaf0e2d000)]
  0x00007fbb080de800 JavaThread "ForkJoinPool.commonPool-worker-7" daemon [_thread_blocked, id=14306, stack(0x00007fbaf2c35000,0x00007fbaf2d36000)]
  0x00007fbb0825f800 JavaThread "ForkJoinPool.commonPool-worker-1" daemon [_thread_blocked, id=14307, stack(0x00007fbaf0e2d000,0x00007fbaf0f2e000)]
  0x00007fbb489f8000 JavaThread "Worker-38" [_thread_blocked, id=14312, stack(0x00007fbaf2d36000,0x00007fbaf2e37000)]
  0x00007fbb6800c800 JavaThread "Worker-39" [_thread_blocked, id=14347, stack(0x00007fbb70acf000,0x00007fbb70bd0000)]
  0x00007fbafc02c000 JavaThread "pool-127-thread-1" [_thread_blocked, id=14353, stack(0x00007fbaefc21000,0x00007fbaefd22000)]
  0x00007fbafc14b000 JavaThread "pool-128-thread-1" [_thread_blocked, id=14354, stack(0x00007fbaf1330000,0x00007fbaf1431000)]
  0x00007fbb18014000 JavaThread "pool-129-thread-1" [_thread_blocked, id=14355, stack(0x00007fbaeee17000,0x00007fbaeef18000)]
  0x00007fbafc178800 JavaThread "pool-130-thread-1" [_thread_blocked, id=14357, stack(0x00007fbaeef18000,0x00007fbaef019000)]
  0x00007fbb2002e000 JavaThread "pool-131-thread-1" [_thread_blocked, id=14358, stack(0x00007fbb701ca000,0x00007fbb702cb000)]
  0x00007fbafc170800 JavaThread "pool-132-thread-1" [_thread_blocked, id=14364, stack(0x00007fbaf2b34000,0x00007fbaf2c35000)]

Other Threads:
  0x00007fbb90159000 VMThread "VM Thread" [stack: 0x00007fbb73afc000,0x00007fbb73bfc000] [id=2514]
  0x00007fbb901de000 WatcherThread [stack: 0x00007fbb729f4000,0x00007fbb72af4000] [id=2536]
  0x00007fbb9002d000 GCTaskThread "ParGC Thread#0" [stack: 0x00007fbb96e34000,0x00007fbb96f34000] [id=2505]
  0x00007fbb6c001000 GCTaskThread "ParGC Thread#1" [stack: 0x00007fbb722dd000,0x00007fbb723dd000] [id=2575]
  0x00007fbb6c002800 GCTaskThread "ParGC Thread#2" [stack: 0x00007fbb721db000,0x00007fbb722db000] [id=2576]
  0x00007fbb6c004000 GCTaskThread "ParGC Thread#3" [stack: 0x00007fbb720d9000,0x00007fbb721d9000] [id=2577]

Threads with active compile tasks:
C2 CompilerThread04363505 22622       4       org.eclipse.jdt.internal.core.util.PublicScanner::scanNumber (1667 bytes)

VM state:not at safepoint (normal execution)

VM Mutex/Monitor currently owned by a thread: None

Heap address: 0x00000000c0000000, size: 1024 MB, Compressed Oops mode: 32-bit
Narrow klass base: 0x0000000800000000, Narrow klass shift: 3
Compressed class space size: 1073741824 Address: 0x0000000840000000

Heap:
 PSYoungGen      total 7168K, used 2356K [0x00000000eab00000, 0x00000000eb500000, 0x0000000100000000)
  eden space 6656K, 32% used [0x00000000eab00000,0x00000000ead1d240,0x00000000eb180000)
  from space 512K, 37% used [0x00000000eb480000,0x00000000eb4b0000,0x00000000eb500000)
  to   space 1536K, 0% used [0x00000000eb200000,0x00000000eb200000,0x00000000eb380000)
 ParOldGen       total 135168K, used 124784K [0x00000000c0000000, 0x00000000c8400000, 0x00000000eab00000)
  object space 135168K, 92% used [0x00000000c0000000,0x00000000c79dc0e8,0x00000000c8400000)
 Metaspace       used 72764K, capacity 76275K, committed 76632K, reserved 1118208K
  class space    used 6678K, capacity 7904K, committed 8024K, reserved 1048576K

Card table byte_map: [0x00007fbb9708a000,0x00007fbb9728b000] _byte_map_base: 0x00007fbb96a8a000

Marking Bits: (ParMarkBitMap*) 0x00007fbb98ba05c0
 Begin Bits: [0x00007fbb94e32000, 0x00007fbb95e32000)
 End Bits:   [0x00007fbb95e32000, 0x00007fbb96e32000)

Polling page: 0x00007fbb98e04000

Metaspace:

Usage:
  Non-class:     66,77 MB capacity,    64,54 MB ( 97%) used,     2,06 MB (  3%) free+waste,   174,62 KB ( <1%) overhead. 
      Class:      7,72 MB capacity,     6,52 MB ( 84%) used,     1,13 MB ( 15%) free+waste,    72,69 KB ( <1%) overhead. 
       Both:     74,49 MB capacity,    71,06 MB ( 95%) used,     3,19 MB (  4%) free+waste,   247,31 KB ( <1%) overhead. 

Virtual space:
  Non-class space:       68,00 MB reserved,      67,00 MB ( 99%) committed 
      Class space:        1,00 GB reserved,       7,84 MB ( <1%) committed 
             Both:        1,07 GB reserved,      74,84 MB (  7%) committed 

Chunk freelists:
   Non-Class:  173,00 KB
       Class:  64,00 KB
        Both:  237,00 KB

MaxMetaspaceSize: unlimited
CompressedClassSpaceSize: 1,00 GB

CodeHeap 'non-profiled nmethods': size=120032Kb used=21339Kb max_used=21524Kb free=98692Kb
 bounds [0x00007fbb80359000, 0x00007fbb81869000, 0x00007fbb87891000]
CodeHeap 'profiled nmethods': size=120032Kb used=39016Kb max_used=40608Kb free=81016Kb
 bounds [0x00007fbb78e21000, 0x00007fbb7b651000, 0x00007fbb80359000]
CodeHeap 'non-nmethods': size=5696Kb used=1334Kb max_used=1386Kb free=4361Kb
 bounds [0x00007fbb78891000, 0x00007fbb78b01000, 0x00007fbb78e21000]
 total_blobs=17065 nmethods=16335 adapters=637
 compilation: enabled
              stopped_count=0, restarted_count=0
 full_count=0

Compilation events (20 events):
Event: 4357,882 Thread 0x00007fbb9016f000 nmethod 22612 0x00007fbb7a79d410 code [0x00007fbb7a79db40, 0x00007fbb7a7a3de0]
Event: 4357,883 Thread 0x00007fbb9016c800 22613       4       org.eclipse.jdt.internal.compiler.ast.LocalDeclaration::checkModifiers (28 bytes)
Event: 4357,886 Thread 0x00007fbb9016c800 nmethod 22613 0x00007fbb80e6e710 code [0x00007fbb80e6e8a0, 0x00007fbb80e6e938]
Event: 4360,831 Thread 0x00007fbb9016c800 22614       4       org.eclipse.jdt.internal.compiler.ast.TypeReference::resolveType (8 bytes)
Event: 4360,833 Thread 0x00007fbb9016c800 nmethod 22614 0x00007fbb80e6e290 code [0x00007fbb80e6e440, 0x00007fbb80e6e508]
Event: 4361,044 Thread 0x00007fbb9016c800 22615       4       java.util.RegularEnumSet::add (9 bytes)
Event: 4361,051 Thread 0x00007fbb9016c800 nmethod 22615 0x00007fbb80eeaa10 code [0x00007fbb80eeaba0, 0x00007fbb80eeacf8]
Event: 4361,051 Thread 0x00007fbb9016c800 22616       4       java.util.RegularEnumSet::add (40 bytes)
Event: 4361,053 Thread 0x00007fbb9016c800 nmethod 22616 0x00007fbb80eea610 code [0x00007fbb80eea7a0, 0x00007fbb80eea8b8]
Event: 4361,053 Thread 0x00007fbb9016c800 22617       4       java.util.EnumSet::typeCheck (59 bytes)
Event: 4361,055 Thread 0x00007fbb9016c800 nmethod 22617 0x00007fbb80f20290 code [0x00007fbb80f20420, 0x00007fbb80f204f8]
Event: 4361,062 Thread 0x00007fbb9016f000 22618   !   3       javax.crypto.Cipher::chooseProvider (353 bytes)
Event: 4361,071 Thread 0x00007fbb9016f000 nmethod 22618 0x00007fbb79e62810 code [0x00007fbb79e62c80, 0x00007fbb79e65370]
Event: 4361,542 Thread 0x00007fbb9016c800 22619       4       java.math.BigInteger::mod (40 bytes)
Event: 4361,545 Thread 0x00007fbb9016c800 nmethod 22619 0x00007fbb80f1fe10 code [0x00007fbb80f1ffc0, 0x00007fbb80f200d8]
Event: 4361,545 Thread 0x00007fbb9016c800 22620       4       java.math.BigInteger::remainder (38 bytes)
Event: 4361,547 Thread 0x00007fbb9016c800 nmethod 22620 0x00007fbb80f1fa90 code [0x00007fbb80f1fc40, 0x00007fbb80f1fd08]
Event: 4361,547 Thread 0x00007fbb9016c800 22621       4       sun.security.jca.ProviderList$ServiceList::tryGet (304 bytes)
Event: 4361,567 Thread 0x00007fbb9016c800 nmethod 22621 0x00007fbb80f42c90 code [0x00007fbb80f42e60, 0x00007fbb80f43328]
Event: 4363,010 Thread 0x00007fbb9016c800 22622       4       org.eclipse.jdt.internal.core.util.PublicScanner::scanNumber (1667 bytes)

GC Heap History (20 events):
Event: 4355,286 GC heap before
{Heap before GC invocations=3660 (full 124):
 PSYoungGen      total 13824K, used 8192K [0x00000000eab00000, 0x00000000ebe00000, 0x0000000100000000)
  eden space 8192K, 100% used [0x00000000eab00000,0x00000000eb300000,0x00000000eb300000)
  from space 5632K, 0% used [0x00000000eb880000,0x00000000eb880000,0x00000000ebe00000)
  to   space 5632K, 0% used [0x00000000eb300000,0x00000000eb300000,0x00000000eb880000)
 ParOldGen       total 135168K, used 111957K [0x00000000c0000000, 0x00000000c8400000, 0x00000000eab00000)
  object space 135168K, 82% used [0x00000000c0000000,0x00000000c6d55730,0x00000000c8400000)
 Metaspace       used 72758K, capacity 76275K, committed 76632K, reserved 1118208K
  class space    used 6678K, capacity 7904K, committed 8024K, reserved 1048576K
}
Event: 4355,291 GC heap after
{Heap after GC invocations=3660 (full 124):
 PSYoungGen      total 10240K, used 1760K [0x00000000eab00000, 0x00000000eb900000, 0x0000000100000000)
  eden space 8192K, 0% used [0x00000000eab00000,0x00000000eab00000,0x00000000eb300000)
  from space 2048K, 85% used [0x00000000eb300000,0x00000000eb4b8000,0x00000000eb500000)
  to   space 3072K, 0% used [0x00000000eb600000,0x00000000eb600000,0x00000000eb900000)
 ParOldGen       total 135168K, used 111957K [0x00000000c0000000, 0x00000000c8400000, 0x00000000eab00000)
  object space 135168K, 82% used [0x00000000c0000000,0x00000000c6d55730,0x00000000c8400000)
 Metaspace       used 72758K, capacity 76275K, committed 76632K, reserved 1118208K
  class space    used 6678K, capacity 7904K, committed 8024K, reserved 1048576K
}
Event: 4355,781 GC heap before
{Heap before GC invocations=3661 (full 124):
 PSYoungGen      total 10240K, used 9952K [0x00000000eab00000, 0x00000000eb900000, 0x0000000100000000)
  eden space 8192K, 100% used [0x00000000eab00000,0x00000000eb300000,0x00000000eb300000)
  from space 2048K, 85% used [0x00000000eb300000,0x00000000eb4b8000,0x00000000eb500000)
  to   space 3072K, 0% used [0x00000000eb600000,0x00000000eb600000,0x00000000eb900000)
 ParOldGen       total 135168K, used 111957K [0x00000000c0000000, 0x00000000c8400000, 0x00000000eab00000)
  object space 135168K, 82% used [0x00000000c0000000,0x00000000c6d55730,0x00000000c8400000)
 Metaspace       used 72758K, capacity 76275K, committed 76632K, reserved 1118208K
  class space    used 6678K, capacity 7904K, committed 8024K, reserved 1048576K
}
Event: 4355,788 GC heap after
{Heap after GC invocations=3661 (full 124):
 PSYoungGen      total 9216K, used 960K [0x00000000eab00000, 0x00000000eb700000, 0x0000000100000000)
  eden space 8192K, 0% used [0x00000000eab00000,0x00000000eab00000,0x00000000eb300000)
  from space 1024K, 93% used [0x00000000eb600000,0x00000000eb6f0000,0x00000000eb700000)
  to   space 1536K, 0% used [0x00000000eb400000,0x00000000eb400000,0x00000000eb580000)
 ParOldGen       total 135168K, used 113685K [0x00000000c0000000, 0x00000000c8400000, 0x00000000eab00000)
  object space 135168K, 84% used [0x00000000c0000000,0x00000000c6f054b8,0x00000000c8400000)
 Metaspace       used 72758K, capacity 76275K, committed 76632K, reserved 1118208K
  class space    used 6678K, capacity 7904K, committed 8024K, reserved 1048576K
}
Event: 4357,497 GC heap before
{Heap before GC invocations=3662 (full 124):
 PSYoungGen      total 9216K, used 9152K [0x00000000eab00000, 0x00000000eb700000, 0x0000000100000000)
  eden space 8192K, 100% used [0x00000000eab00000,0x00000000eb300000,0x00000000eb300000)
  from space 1024K, 93% used [0x00000000eb600000,0x00000000eb6f0000,0x00000000eb700000)
  to   space 1536K, 0% used [0x00000000eb400000,0x00000000eb400000,0x00000000eb580000)
 ParOldGen       total 135168K, used 113685K [0x00000000c0000000, 0x00000000c8400000, 0x00000000eab00000)
  object space 135168K, 84% used [0x00000000c0000000,0x00000000c6f054b8,0x00000000c8400000)
 Metaspace       used 72763K, capacity 76275K, committed 76632K, reserved 1118208K
  class space    used 6678K, capacity 7904K, committed 8024K, reserved 1048576K
}
Event: 4357,504 GC heap after
{Heap after GC invocations=3662 (full 124):
 PSYoungGen      total 9216K, used 1024K [0x00000000eab00000, 0x00000000eb680000, 0x0000000100000000)
  eden space 8192K, 0% used [0x00000000eab00000,0x00000000eab00000,0x00000000eb300000)
  from space 1024K, 100% used [0x00000000eb400000,0x00000000eb500000,0x00000000eb500000)
  to   space 1536K, 0% used [0x00000000eb500000,0x00000000eb500000,0x00000000eb680000)
 ParOldGen       total 135168K, used 114622K [0x00000000c0000000, 0x00000000c8400000, 0x00000000eab00000)
  object space 135168K, 84% used [0x00000000c0000000,0x00000000c6fefa40,0x00000000c8400000)
 Metaspace       used 72763K, capacity 76275K, committed 76632K, reserved 1118208K
  class space    used 6678K, capacity 7904K, committed 8024K, reserved 1048576K
}
Event: 4358,199 GC heap before
{Heap before GC invocations=3663 (full 124):
 PSYoungGen      total 9216K, used 9216K [0x00000000eab00000, 0x00000000eb680000, 0x0000000100000000)
  eden space 8192K, 100% used [0x00000000eab00000,0x00000000eb300000,0x00000000eb300000)
  from space 1024K, 100% used [0x00000000eb400000,0x00000000eb500000,0x00000000eb500000)
  to   space 1536K, 0% used [0x00000000eb500000,0x00000000eb500000,0x00000000eb680000)
 ParOldGen       total 135168K, used 114622K [0x00000000c0000000, 0x00000000c8400000, 0x00000000eab00000)
  object space 135168K, 84% used [0x00000000c0000000,0x00000000c6fefa40,0x00000000c8400000)
 Metaspace       used 72763K, capacity 76275K, committed 76632K, reserved 1118208K
  class space    used 6678K, capacity 7904K, committed 8024K, reserved 1048576K
}
Event: 4358,206 GC heap after
{Heap after GC invocations=3663 (full 124):
 PSYoungGen      total 9216K, used 768K [0x00000000eab00000, 0x00000000eb600000, 0x0000000100000000)
  eden space 8192K, 0% used [0x00000000eab00000,0x00000000eab00000,0x00000000eb300000)
  from space 1024K, 75% used [0x00000000eb500000,0x00000000eb5c0000,0x00000000eb600000)
  to   space 1024K, 0% used [0x00000000eb400000,0x00000000eb400000,0x00000000eb500000)
 ParOldGen       total 135168K, used 114861K [0x00000000c0000000, 0x00000000c8400000, 0x00000000eab00000)
  object space 135168K, 84% used [0x00000000c0000000,0x00000000c702b608,0x00000000c8400000)
 Metaspace       used 72763K, capacity 76275K, committed 76632K, reserved 1118208K
  class space    used 6678K, capacity 7904K, committed 8024K, reserved 1048576K
}
Event: 4360,862 GC heap before
{Heap before GC invocations=3664 (full 124):
 PSYoungGen      total 9216K, used 8960K [0x00000000eab00000, 0x00000000eb600000, 0x0000000100000000)
  eden space 8192K, 100% used [0x00000000eab00000,0x00000000eb300000,0x00000000eb300000)
  from space 1024K, 75% used [0x00000000eb500000,0x00000000eb5c0000,0x00000000eb600000)
  to   space 1024K, 0% used [0x00000000eb400000,0x00000000eb400000,0x00000000eb500000)
 ParOldGen       total 135168K, used 114861K [0x00000000c0000000, 0x00000000c8400000, 0x00000000eab00000)
  object space 135168K, 84% used [0x00000000c0000000,0x00000000c702b608,0x00000000c8400000)
 Metaspace       used 72763K, capacity 76275K, committed 76632K, reserved 1118208K
  class space    used 6678K, capacity 7904K, committed 8024K, reserved 1048576K
}
Event: 4360,875 GC heap after
{Heap after GC invocations=3664 (full 124):
 PSYoungGen      total 9216K, used 1006K [0x00000000eab00000, 0x00000000ebc00000, 0x0000000100000000)
  eden space 8192K, 0% used [0x00000000eab00000,0x00000000eab00000,0x00000000eb300000)
  from space 1024K, 98% used [0x00000000eb400000,0x00000000eb4fbb70,0x00000000eb500000)
  to   space 4608K, 0% used [0x00000000eb780000,0x00000000eb780000,0x00000000ebc00000)
 ParOldGen       total 135168K, used 117740K [0x00000000c0000000, 0x00000000c8400000, 0x00000000eab00000)
  object space 135168K, 87% used [0x00000000c0000000,0x00000000c72fb1e8,0x00000000c8400000)
 Metaspace       used 72763K, capacity 76275K, committed 76632K, reserved 1118208K
  class space    used 6678K, capacity 7904K, committed 8024K, reserved 1048576K
}
Event: 4360,899 GC heap before
{Heap before GC invocations=3665 (full 124):
 PSYoungGen      total 9216K, used 9198K [0x00000000eab00000, 0x00000000ebc00000, 0x0000000100000000)
  eden space 8192K, 100% used [0x00000000eab00000,0x00000000eb300000,0x00000000eb300000)
  from space 1024K, 98% used [0x00000000eb400000,0x00000000eb4fbb70,0x00000000eb500000)
  to   space 4608K, 0% used [0x00000000eb780000,0x00000000eb780000,0x00000000ebc00000)
 ParOldGen       total 135168K, used 117740K [0x00000000c0000000, 0x00000000c8400000, 0x00000000eab00000)
  object space 135168K, 87% used [0x00000000c0000000,0x00000000c72fb1e8,0x00000000c8400000)
 Metaspace       used 72763K, capacity 76275K, committed 76632K, reserved 1118208K
  class space    used 6678K, capacity 7904K, committed 8024K, reserved 1048576K
}
Event: 4360,907 GC heap after
{Heap after GC invocations=3665 (full 124):
 PSYoungGen      total 10752K, used 2304K [0x00000000eab00000, 0x00000000eba00000, 0x0000000100000000)
  eden space 8192K, 0% used [0x00000000eab00000,0x00000000eab00000,0x00000000eb300000)
  from space 2560K, 90% used [0x00000000eb780000,0x00000000eb9c0000,0x00000000eba00000)
  to   space 3072K, 0% used [0x00000000eb400000,0x00000000eb400000,0x00000000eb700000)
 ParOldGen       total 135168K, used 118763K [0x00000000c0000000, 0x00000000c8400000, 0x00000000eab00000)
  object space 135168K, 87% used [0x00000000c0000000,0x00000000c73fad58,0x00000000c8400000)
 Metaspace       used 72763K, capacity 76275K, committed 76632K, reserved 1118208K
  class space    used 6678K, capacity 7904K, committed 8024K, reserved 1048576K
}
Event: 4361,517 GC heap before
{Heap before GC invocations=3666 (full 124):
 PSYoungGen      total 10752K, used 10495K [0x00000000eab00000, 0x00000000eba00000, 0x0000000100000000)
  eden space 8192K, 99% used [0x00000000eab00000,0x00000000eb2fffd0,0x00000000eb300000)
  from space 2560K, 90% used [0x00000000eb780000,0x00000000eb9c0000,0x00000000eba00000)
  to   space 3072K, 0% used [0x00000000eb400000,0x00000000eb400000,0x00000000eb700000)
 ParOldGen       total 135168K, used 118763K [0x00000000c0000000, 0x00000000c8400000, 0x00000000eab00000)
  object space 135168K, 87% used [0x00000000c0000000,0x00000000c73fad58,0x00000000c8400000)
 Metaspace       used 72764K, capacity 76275K, committed 76632K, reserved 1118208K
  class space    used 6678K, capacity 7904K, committed 8024K, reserved 1048576K
}
Event: 4361,525 GC heap after
{Heap after GC invocations=3666 (full 124):
 PSYoungGen      total 9216K, used 544K [0x00000000eab00000, 0x00000000eb800000, 0x0000000100000000)
  eden space 8192K, 0% used [0x00000000eab00000,0x00000000eab00000,0x00000000eb300000)
  from space 1024K, 53% used [0x00000000eb400000,0x00000000eb488020,0x00000000eb500000)
  to   space 1536K, 0% used [0x00000000eb680000,0x00000000eb680000,0x00000000eb800000)
 ParOldGen       total 135168K, used 119363K [0x00000000c0000000, 0x00000000c8400000, 0x00000000eab00000)
  object space 135168K, 88% used [0x00000000c0000000,0x00000000c7490d58,0x00000000c8400000)
 Metaspace       used 72764K, capacity 76275K, committed 76632K, reserved 1118208K
  class space    used 6678K, capacity 7904K, committed 8024K, reserved 1048576K
}
Event: 4362,994 GC heap before
{Heap before GC invocations=3667 (full 124):
 PSYoungGen      total 9216K, used 8736K [0x00000000eab00000, 0x00000000eb800000, 0x0000000100000000)
  eden space 8192K, 100% used [0x00000000eab00000,0x00000000eb300000,0x00000000eb300000)
  from space 1024K, 53% used [0x00000000eb400000,0x00000000eb488020,0x00000000eb500000)
  to   space 1536K, 0% used [0x00000000eb680000,0x00000000eb680000,0x00000000eb800000)
 ParOldGen       total 135168K, used 119363K [0x00000000c0000000, 0x00000000c8400000, 0x00000000eab00000)
  object space 135168K, 88% used [0x00000000c0000000,0x00000000c7490d58,0x00000000c8400000)
 Metaspace       used 72764K, capacity 76275K, committed 76632K, reserved 1118208K
  class space    used 6678K, capacity 7904K, committed 8024K, reserved 1048576K
}
Event: 4363,009 GC heap after
{Heap after GC invocations=3667 (full 124):
 PSYoungGen      total 8192K, used 1534K [0x00000000eab00000, 0x00000000ebd00000, 0x0000000100000000)
  eden space 6656K, 0% used [0x00000000eab00000,0x00000000eab00000,0x00000000eb180000)
  from space 1536K, 99% used [0x00000000eb680000,0x00000000eb7ffb80,0x00000000eb800000)
  to   space 5120K, 0% used [0x00000000eb180000,0x00000000eb180000,0x00000000eb680000)
 ParOldGen       total 135168K, used 121882K [0x00000000c0000000, 0x00000000c8400000, 0x00000000eab00000)
  object space 135168K, 90% used [0x00000000c0000000,0x00000000c77068f8,0x00000000c8400000)
 Metaspace       used 72764K, capacity 76275K, committed 76632K, reserved 1118208K
  class space    used 6678K, capacity 7904K, committed 8024K, reserved 1048576K
}
Event: 4363,055 GC heap before
{Heap before GC invocations=3668 (full 124):
 PSYoungGen      total 8192K, used 8190K [0x00000000eab00000, 0x00000000ebd00000, 0x0000000100000000)
  eden space 6656K, 100% used [0x00000000eab00000,0x00000000eb180000,0x00000000eb180000)
  from space 1536K, 99% used [0x00000000eb680000,0x00000000eb7ffb80,0x00000000eb800000)
  to   space 5120K, 0% used [0x00000000eb180000,0x00000000eb180000,0x00000000eb680000)
 ParOldGen       total 135168K, used 121882K [0x00000000c0000000, 0x00000000c8400000, 0x00000000eab00000)
  object space 135168K, 90% used [0x00000000c0000000,0x00000000c77068f8,0x00000000c8400000)
 Metaspace       used 72764K, capacity 76275K, committed 76632K, reserved 1118208K
  class space    used 6678K, capacity 7904K, committed 8024K, reserved 1048576K
}
Event: 4363,067 GC heap after
{Heap after GC invocations=3668 (full 124):
 PSYoungGen      total 9216K, used 2432K [0x00000000eab00000, 0x00000000eb780000, 0x0000000100000000)
  eden space 6656K, 0% used [0x00000000eab00000,0x00000000eab00000,0x00000000eb180000)
  from space 2560K, 95% used [0x00000000eb180000,0x00000000eb3e0020,0x00000000eb400000)
  to   space 3072K, 0% used [0x00000000eb480000,0x00000000eb480000,0x00000000eb780000)
 ParOldGen       total 135168K, used 123408K [0x00000000c0000000, 0x00000000c8400000, 0x00000000eab00000)
  object space 135168K, 91% used [0x00000000c0000000,0x00000000c7884088,0x00000000c8400000)
 Metaspace       used 72764K, capacity 76275K, committed 76632K, reserved 1118208K
  class space    used 6678K, capacity 7904K, committed 8024K, reserved 1048576K
}
Event: 4363,109 GC heap before
{Heap before GC invocations=3669 (full 124):
 PSYoungGen      total 9216K, used 9088K [0x00000000eab00000, 0x00000000eb780000, 0x0000000100000000)
  eden space 6656K, 100% used [0x00000000eab00000,0x00000000eb180000,0x00000000eb180000)
  from space 2560K, 95% used [0x00000000eb180000,0x00000000eb3e0020,0x00000000eb400000)
  to   space 3072K, 0% used [0x00000000eb480000,0x00000000eb480000,0x00000000eb780000)
 ParOldGen       total 135168K, used 123408K [0x00000000c0000000, 0x00000000c8400000, 0x00000000eab00000)
  object space 135168K, 91% used [0x00000000c0000000,0x00000000c7884088,0x00000000c8400000)
 Metaspace       used 72764K, capacity 76275K, committed 76632K, reserved 1118208K
  class space    used 6678K, capacity 7904K, committed 8024K, reserved 1048576K
}
Event: 4363,118 GC heap after
{Heap after GC invocations=3669 (full 124):
 PSYoungGen      total 7168K, used 192K [0x00000000eab00000, 0x00000000eb500000, 0x0000000100000000)
  eden space 6656K, 0% used [0x00000000eab00000,0x00000000eab00000,0x00000000eb180000)
  from space 512K, 37% used [0x00000000eb480000,0x00000000eb4b0000,0x00000000eb500000)
  to   space 1536K, 0% used [0x00000000eb200000,0x00000000eb200000,0x00000000eb380000)
 ParOldGen       total 135168K, used 124784K [0x00000000c0000000, 0x00000000c8400000, 0x00000000eab00000)
  object space 135168K, 92% used [0x00000000c0000000,0x00000000c79dc0e8,0x00000000c8400000)
 Metaspace       used 72764K, capacity 76275K, committed 76632K, reserved 1118208K
  class space    used 6678K, capacity 7904K, committed 8024K, reserved 1048576K
}

Deoptimization events (20 events):
Event: 4357,486 Thread 0x00007fbb044f3800 Uncommon trap: trap_request=0xffffff4d fr.pc=0x00007fbb812fc704 relative=0x00000000000037e4
Event: 4357,486 Thread 0x00007fbb044f3800 Uncommon trap: reason=unstable_if action=reinterpret pc=0x00007fbb812fc704 method=org.eclipse.jdt.core.dom.ASTConverter.convert(Lorg/eclipse/jdt/internal/compiler/ast/Expression;)Lorg/eclipse/jdt/core/dom/Expression; @ 181 c2
Event: 4357,486 Thread 0x00007fbb044f3800 DEOPT PACKING pc=0x00007fbb812fc704 sp=0x00007fbb717d1910
Event: 4357,486 Thread 0x00007fbb044f3800 DEOPT UNPACKING pc=0x00007fbb788b6aa0 sp=0x00007fbb717d1950 mode 2
Event: 4357,874 Thread 0x00007fbb489f8000 Uncommon trap: trap_request=0xffffffde fr.pc=0x00007fbb81863884 relative=0x0000000000001c24
Event: 4357,874 Thread 0x00007fbb489f8000 Uncommon trap: reason=class_check action=maybe_recompile pc=0x00007fbb81863884 method=org.eclipse.jdt.internal.compiler.ast.LocalDeclaration.resolve(Lorg/eclipse/jdt/internal/compiler/lookup/BlockScope;Z)V @ 944 c2
Event: 4357,874 Thread 0x00007fbb489f8000 DEOPT PACKING pc=0x00007fbb81863884 sp=0x00007fbaf2e34fa0
Event: 4357,874 Thread 0x00007fbb489f8000 DEOPT UNPACKING pc=0x00007fbb788b6aa0 sp=0x00007fbaf2e34f58 mode 2
Event: 4363,068 Thread 0x00007fbb080de800 Uncommon trap: trap_request=0xffffff4d fr.pc=0x00007fbb813abe50 relative=0x0000000000000170
Event: 4363,068 Thread 0x00007fbb080de800 Uncommon trap: reason=unstable_if action=reinterpret pc=0x00007fbb813abe50 method=org.eclipse.jdt.core.dom.SimpleName.isDeclaration()Z @ 93 c2
Event: 4363,068 Thread 0x00007fbb080de800 DEOPT PACKING pc=0x00007fbb813abe50 sp=0x00007fbaf2d33ef0
Event: 4363,068 Thread 0x00007fbb080de800 DEOPT UNPACKING pc=0x00007fbb788b6aa0 sp=0x00007fbaf2d33e88 mode 2
Event: 4363,069 Thread 0x00007fbb080de800 Uncommon trap: trap_request=0xffffff4d fr.pc=0x00007fbb817b35fc relative=0x00000000000002dc
Event: 4363,069 Thread 0x00007fbb080de800 Uncommon trap: reason=unstable_if action=reinterpret pc=0x00007fbb817b35fc method=org.eclipse.jdt.core.dom.SimpleName.isDeclaration()Z @ 93 c2
Event: 4363,069 Thread 0x00007fbb080de800 DEOPT PACKING pc=0x00007fbb817b35fc sp=0x00007fbaf2d33af0
Event: 4363,069 Thread 0x00007fbb080de800 DEOPT UNPACKING pc=0x00007fbb788b6aa0 sp=0x00007fbaf2d33a28 mode 2
Event: 4363,069 Thread 0x00007fbb080de800 Uncommon trap: trap_request=0xffffff4d fr.pc=0x00007fbb816c898c relative=0x000000000000062c
Event: 4363,069 Thread 0x00007fbb080de800 Uncommon trap: reason=unstable_if action=reinterpret pc=0x00007fbb816c898c method=org.eclipse.jdt.core.dom.SimpleName.isDeclaration()Z @ 93 c2
Event: 4363,069 Thread 0x00007fbb080de800 DEOPT PACKING pc=0x00007fbb816c898c sp=0x00007fbaf2d33a80
Event: 4363,069 Thread 0x00007fbb080de800 DEOPT UNPACKING pc=0x00007fbb788b6aa0 sp=0x00007fbaf2d339f0 mode 2

Classes redefined (0 events):
No events

Internal exceptions (20 events):
Event: 3896,098 Thread 0x00007fbb044f3800 Exception <a 'java/lang/ClassCastException'{0x00000000eadf9da0}> (0x00000000eadf9da0) thrown at [src/hotspot/share/runtime/sharedRuntime.cpp, line 584]
Event: 3896,112 Thread 0x00007fbb044f3800 Exception <a 'java/lang/ArrayIndexOutOfBoundsException'{0x00000000eaf34d58}: Index 1 out of bounds for length 1> (0x00000000eaf34d58) thrown at [src/hotspot/share/interpreter/interpreterRuntime.cpp, line 444]
Event: 3908,734 Thread 0x00007fbb0825f800 Exception <a 'java/lang/InterruptedException'{0x00000000ead31790}> (0x00000000ead31790) thrown at [src/hotspot/share/runtime/objectMonitor.cpp, line 1635]
Event: 3916,263 Thread 0x00007fbb2401c800 Exception <a 'java/lang/InterruptedException'{0x00000000eaeaf168}> (0x00000000eaeaf168) thrown at [src/hotspot/share/runtime/objectMonitor.cpp, line 1635]
Event: 3935,355 Thread 0x00007fbb48350800 Exception <a 'java/lang/InterruptedException'{0x00000000eaf3c9f0}> (0x00000000eaf3c9f0) thrown at [src/hotspot/share/runtime/objectMonitor.cpp, line 1635]
Event: 3952,371 Thread 0x00007fbb5c063800 Exception <a 'java/lang/InterruptedException'{0x00000000eb87a338}> (0x00000000eb87a338) thrown at [src/hotspot/share/runtime/objectMonitor.cpp, line 1635]
Event: 3996,585 Thread 0x00007fbafc14b000 Exception <a 'java/lang/InterruptedException'{0x00000000eadc8d58}> (0x00000000eadc8d58) thrown at [src/hotspot/share/runtime/objectMonitor.cpp, line 1635]
Event: 4005,056 Thread 0x00007fbb00016000 Implicit null exception at 0x00007fbb8168c9b5 to 0x00007fbb8168d574
Event: 4008,356 Thread 0x00007fbb2800c000 Exception <a 'java/lang/InterruptedException'{0x00000000eaba7b18}> (0x00000000eaba7b18) thrown at [src/hotspot/share/runtime/objectMonitor.cpp, line 1635]
Event: 4024,899 Thread 0x00007fbb4400b000 Exception <a 'java/lang/InterruptedException'{0x00000000eaddb258}> (0x00000000eaddb258) thrown at [src/hotspot/share/runtime/objectMonitor.cpp, line 1635]
Event: 4163,035 Thread 0x00007fbb6405c800 Exception <a 'java/lang/InterruptedException'{0x00000000eafb7380}> (0x00000000eafb7380) thrown at [src/hotspot/share/runtime/objectMonitor.cpp, line 1635]
Event: 4306,285 Thread 0x00007fbb044f3800 Exception <a 'java/lang/ArrayIndexOutOfBoundsException'{0x00000000eae79f40}> (0x00000000eae79f40) thrown at [src/hotspot/share/runtime/sharedRuntime.cpp, line 584]
Event: 4306,285 Thread 0x00007fbb0825f800 Exception <a 'java/lang/ArrayIndexOutOfBoundsException'{0x00000000eae6b648}: Index 3437 out of bounds for length 3436> (0x00000000eae6b648) thrown at [src/hotspot/share/interpreter/interpreterRuntime.cpp, line 444]
Event: 4306,296 Thread 0x00007fbb080de800 Exception <a 'java/lang/ArrayIndexOutOfBoundsException'{0x00000000eaf56888}: Index 3436 out of bounds for length 3436> (0x00000000eaf56888) thrown at [src/hotspot/share/interpreter/interpreterRuntime.cpp, line 444]
Event: 4306,296 Thread 0x00007fbb080de800 Exception <a 'java/lang/ArrayIndexOutOfBoundsException'{0x00000000eaf56ba8}: Index 3437 out of bounds for length 3436> (0x00000000eaf56ba8) thrown at [src/hotspot/share/interpreter/interpreterRuntime.cpp, line 444]
Event: 4308,590 Thread 0x00007fbb0825f800 Exception <a 'java/lang/ArrayIndexOutOfBoundsException'{0x00000000eacd0d20}> (0x00000000eacd0d20) thrown at [src/hotspot/share/runtime/sharedRuntime.cpp, line 584]
Event: 4308,590 Thread 0x00007fbb0825f800 Exception <a 'java/lang/ArrayIndexOutOfBoundsException'{0x00000000eacd1040}> (0x00000000eacd1040) thrown at [src/hotspot/share/runtime/sharedRuntime.cpp, line 584]
Event: 4308,593 Thread 0x00007fbb044f3800 Exception <a 'java/lang/ArrayIndexOutOfBoundsException'{0x00000000ead48088}> (0x00000000ead48088) thrown at [src/hotspot/share/runtime/sharedRuntime.cpp, line 584]
Event: 4308,593 Thread 0x00007fbb044f3800 Exception <a 'java/lang/ArrayIndexOutOfBoundsException'{0x00000000ead483a8}> (0x00000000ead483a8) thrown at [src/hotspot/share/runtime/sharedRuntime.cpp, line 584]
Event: 4325,387 Thread 0x00007fbb080de800 Exception <a 'java/lang/ArrayIndexOutOfBoundsException'{0x00000000eacc6358}: Index 3488 out of bounds for length 3486> (0x00000000eacc6358) thrown at [src/hotspot/share/interpreter/interpreterRuntime.cpp, line 444]

Events (20 events):
Event: 4361,030 Thread 0x00007fbafc170800 Thread added: 0x00007fbafc170800
Event: 4361,030 Protecting memory [0x00007fbaf2b34000,0x00007fbaf2b38000] with protection modes 0
Event: 4361,062 Thread 0x00007fbb2c01a000 Thread added: 0x00007fbb2c01a000
Event: 4361,062 Protecting memory [0x00007fbaeed16000,0x00007fbaeed1a000] with protection modes 0
Event: 4361,066 Executing VM operation: RevokeBias
Event: 4361,066 Executing VM operation: RevokeBias done
Event: 4361,066 Thread 0x00007fbb2c01a000 Thread exited: 0x00007fbb2c01a000
Event: 4361,516 Executing VM operation: ParallelGCFailedAllocation
Event: 4361,525 Executing VM operation: ParallelGCFailedAllocation done
Event: 4361,550 Thread 0x00007fbb2c01a000 Thread added: 0x00007fbb2c01a000
Event: 4361,550 Protecting memory [0x00007fbaeed16000,0x00007fbaeed1a000] with protection modes 0
Event: 4361,550 Executing VM operation: RevokeBias
Event: 4361,551 Executing VM operation: RevokeBias done
Event: 4361,551 Thread 0x00007fbb2c01a000 Thread exited: 0x00007fbb2c01a000
Event: 4362,994 Executing VM operation: ParallelGCFailedAllocation
Event: 4363,009 Executing VM operation: ParallelGCFailedAllocation done
Event: 4363,053 Executing VM operation: ParallelGCFailedAllocation
Event: 4363,067 Executing VM operation: ParallelGCFailedAllocation done
Event: 4363,109 Executing VM operation: ParallelGCFailedAllocation
Event: 4363,118 Executing VM operation: ParallelGCFailedAllocation done


Dynamic libraries:
c0000000-c8400000 rw-p 00000000 00:00 0 
c8400000-eab00000 ---p 00000000 00:00 0 
eab00000-eb500000 rw-p 00000000 00:00 0 
eb500000-100000000 ---p 00000000 00:00 0 
800000000-800002000 rwxp 00001000 fd:01 14287750                         /usr/lib/jvm/java-11-openjdk-amd64/lib/server/classes.jsa
800002000-8003b9000 rw-p 00003000 fd:01 14287750                         /usr/lib/jvm/java-11-openjdk-amd64/lib/server/classes.jsa
8003b9000-800a96000 r--p 003ba000 fd:01 14287750                         /usr/lib/jvm/java-11-openjdk-amd64/lib/server/classes.jsa
800a96000-800a97000 rw-p 00a97000 fd:01 14287750                         /usr/lib/jvm/java-11-openjdk-amd64/lib/server/classes.jsa
800a97000-8010a5000 r--p 00a98000 fd:01 14287750                         /usr/lib/jvm/java-11-openjdk-amd64/lib/server/classes.jsa
840000000-8407d6000 rw-p 00000000 00:00 0 
8407d6000-880000000 ---p 00000000 00:00 0 
55fc3398b000-55fc3398c000 r--p 00000000 fd:01 14287966                   /usr/lib/jvm/java-11-openjdk-amd64/bin/java
55fc3398c000-55fc3398d000 r-xp 00001000 fd:01 14287966                   /usr/lib/jvm/java-11-openjdk-amd64/bin/java
55fc3398d000-55fc3398e000 r--p 00002000 fd:01 14287966                   /usr/lib/jvm/java-11-openjdk-amd64/bin/java
55fc3398e000-55fc3398f000 r--p 00002000 fd:01 14287966                   /usr/lib/jvm/java-11-openjdk-amd64/bin/java
55fc3398f000-55fc33990000 rw-p 00003000 fd:01 14287966                   /usr/lib/jvm/java-11-openjdk-amd64/bin/java
55fc34a77000-55fc353da000 rw-p 00000000 00:00 0                          [heap]
7fbaeed16000-7fbaeed1a000 ---p 00000000 00:00 0 
7fbaeed1a000-7fbaeee17000 rw-p 00000000 00:00 0 
7fbaeee17000-7fbaeee1b000 ---p 00000000 00:00 0 
7fbaeee1b000-7fbaeef18000 rw-p 00000000 00:00 0 
7fbaeef18000-7fbaeef1c000 ---p 00000000 00:00 0 
7fbaeef1c000-7fbaef019000 rw-p 00000000 00:00 0 
7fbaef019000-7fbaef01d000 ---p 00000000 00:00 0 
7fbaef01d000-7fbaef11a000 rw-p 00000000 00:00 0 
7fbaef11a000-7fbaef11e000 ---p 00000000 00:00 0 
7fbaef11e000-7fbaef21b000 rw-p 00000000 00:00 0 
7fbaef21b000-7fbaef21f000 ---p 00000000 00:00 0 
7fbaef21f000-7fbaef31c000 rw-p 00000000 00:00 0 
7fbaef31c000-7fbaef320000 ---p 00000000 00:00 0 
7fbaef320000-7fbaef41d000 rw-p 00000000 00:00 0 
7fbaef41d000-7fbaef421000 ---p 00000000 00:00 0 
7fbaef421000-7fbaef51e000 rw-p 00000000 00:00 0 
7fbaef51e000-7fbaef522000 ---p 00000000 00:00 0 
7fbaef522000-7fbaef61f000 rw-p 00000000 00:00 0 
7fbaef61f000-7fbaef623000 ---p 00000000 00:00 0 
7fbaef623000-7fbaef820000 rw-p 00000000 00:00 0 
7fbaef820000-7fbaef924000 ---p 00000000 00:00 0 
7fbaef924000-7fbaefc21000 rw-p 00000000 00:00 0 
7fbaefc21000-7fbaefc25000 ---p 00000000 00:00 0 
7fbaefc25000-7fbaeff22000 rw-p 00000000 00:00 0 
7fbaeff22000-7fbaf0122000 rw-p 00000000 00:00 0 
7fbaf0122000-7fbaf0126000 ---p 00000000 00:00 0 
7fbaf0126000-7fbaf0223000 rw-p 00000000 00:00 0 
7fbaf0223000-7fbaf0227000 ---p 00000000 00:00 0 
7fbaf0227000-7fbaf0324000 rw-p 00000000 00:00 0 
7fbaf0324000-7fbaf0328000 ---p 00000000 00:00 0 
7fbaf0328000-7fbaf0625000 rw-p 00000000 00:00 0 
7fbaf0625000-7fbaf0629000 ---p 00000000 00:00 0 
7fbaf0629000-7fbaf0726000 rw-p 00000000 00:00 0 
7fbaf0726000-7fbaf072a000 ---p 00000000 00:00 0 
7fbaf072a000-7fbaf0827000 rw-p 00000000 00:00 0 
7fbaf0827000-7fbaf082b000 ---p 00000000 00:00 0 
7fbaf082b000-7fbaf0928000 rw-p 00000000 00:00 0 
7fbaf0928000-7fbaf092c000 ---p 00000000 00:00 0 
7fbaf092c000-7fbaf0a29000 rw-p 00000000 00:00 0 
7fbaf0a29000-7fbaf0a2d000 ---p 00000000 00:00 0 
7fbaf0a2d000-7fbaf0b2a000 rw-p 00000000 00:00 0 
7fbaf0b2a000-7fbaf0b2e000 ---p 00000000 00:00 0 
7fbaf0b2e000-7fbaf0c2b000 rw-p 00000000 00:00 0 
7fbaf0c2b000-7fbaf0c2f000 ---p 00000000 00:00 0 
7fbaf0c2f000-7fbaf0d2c000 rw-p 00000000 00:00 0 
7fbaf0d2c000-7fbaf0d30000 ---p 00000000 00:00 0 
7fbaf0d30000-7fbaf0e2d000 rw-p 00000000 00:00 0 
7fbaf0e2d000-7fbaf0e31000 ---p 00000000 00:00 0 
7fbaf0e31000-7fbaf112e000 rw-p 00000000 00:00 0 
7fbaf112e000-7fbaf1132000 ---p 00000000 00:00 0 
7fbaf1132000-7fbaf122f000 rw-p 00000000 00:00 0 
7fbaf122f000-7fbaf1233000 ---p 00000000 00:00 0 
7fbaf1233000-7fbaf1330000 rw-p 00000000 00:00 0 
7fbaf1330000-7fbaf1334000 ---p 00000000 00:00 0 
7fbaf1334000-7fbaf1431000 rw-p 00000000 00:00 0 
7fbaf1431000-7fbaf1435000 ---p 00000000 00:00 0 
7fbaf1435000-7fbaf1732000 rw-p 00000000 00:00 0 
7fbaf1732000-7fbaf1932000 rw-p 00000000 00:00 0 
7fbaf1932000-7fbaf1b32000 rw-p 00000000 00:00 0 
7fbaf1b32000-7fbaf1d32000 rw-p 00000000 00:00 0 
7fbaf1d32000-7fbaf1f32000 rw-p 00000000 00:00 0 
7fbaf1f32000-7fbaf2132000 rw-p 00000000 00:00 0 
7fbaf2132000-7fbaf2332000 rw-p 00000000 00:00 0 
7fbaf2332000-7fbaf2336000 ---p 00000000 00:00 0 
7fbaf2336000-7fbaf2433000 rw-p 00000000 00:00 0 
7fbaf2433000-7fbaf2437000 ---p 00000000 00:00 0 
7fbaf2437000-7fbaf2734000 rw-p 00000000 00:00 0 
7fbaf2734000-7fbaf2934000 rw-p 00000000 00:00 0 
7fbaf2934000-7fbaf2b34000 rw-p 00000000 00:00 0 
7fbaf2b34000-7fbaf2b38000 ---p 00000000 00:00 0 
7fbaf2b38000-7fbaf2c35000 rw-p 00000000 00:00 0 
7fbaf2c35000-7fbaf2c39000 ---p 00000000 00:00 0 
7fbaf2c39000-7fbaf2d36000 rw-p 00000000 00:00 0 
7fbaf2d36000-7fbaf2d3a000 ---p 00000000 00:00 0 
7fbaf2d3a000-7fbaf3037000 rw-p 00000000 00:00 0 
7fbaf3037000-7fbaf3237000 rw-p 00000000 00:00 0 
7fbaf3237000-7fbaf3437000 rw-p 00000000 00:00 0 
7fbaf3491000-7fbaf3691000 rw-p 00000000 00:00 0 
7fbaf3691000-7fbaf3891000 rw-p 00000000 00:00 0 
7fbaf3891000-7fbafc000000 r--s 00000000 fd:01 14295197                   /usr/lib/jvm/java-11-openjdk-amd64/lib/modules
7fbafc000000-7fbafdc9a000 rw-p 00000000 00:00 0 
7fbafdc9a000-7fbb00000000 ---p 00000000 00:00 0 
7fbb00000000-7fbb018a3000 rw-p 00000000 00:00 0 
7fbb018a3000-7fbb04000000 ---p 00000000 00:00 0 
7fbb04000000-7fbb04def000 rw-p 00000000 00:00 0 
7fbb04def000-7fbb08000000 ---p 00000000 00:00 0 
7fbb08000000-7fbb082cd000 rw-p 00000000 00:00 0 
7fbb082cd000-7fbb0c000000 ---p 00000000 00:00 0 
7fbb0c000000-7fbb0c34b000 rw-p 00000000 00:00 0 
7fbb0c34b000-7fbb10000000 ---p 00000000 00:00 0 
7fbb10000000-7fbb10d60000 rw-p 00000000 00:00 0 
7fbb10d60000-7fbb14000000 ---p 00000000 00:00 0 
7fbb14000000-7fbb144db000 rw-p 00000000 00:00 0 
7fbb144db000-7fbb18000000 ---p 00000000 00:00 0 
7fbb18000000-7fbb18475000 rw-p 00000000 00:00 0 
7fbb18475000-7fbb1c000000 ---p 00000000 00:00 0 
7fbb1c000000-7fbb1d399000 rw-p 00000000 00:00 0 
7fbb1d399000-7fbb20000000 ---p 00000000 00:00 0 
7fbb20000000-7fbb2139b000 rw-p 00000000 00:00 0 
7fbb2139b000-7fbb24000000 ---p 00000000 00:00 0 
7fbb24000000-7fbb2419a000 rw-p 00000000 00:00 0 
7fbb2419a000-7fbb28000000 ---p 00000000 00:00 0 
7fbb28000000-7fbb28021000 rw-p 00000000 00:00 0 
7fbb28021000-7fbb2c000000 ---p 00000000 00:00 0 
7fbb2c000000-7fbb2c4f9000 rw-p 00000000 00:00 0 
7fbb2c4f9000-7fbb30000000 ---p 00000000 00:00 0 
7fbb30000000-7fbb3179f000 rw-p 00000000 00:00 0 
7fbb3179f000-7fbb34000000 ---p 00000000 00:00 0 
7fbb34000000-7fbb3541f000 rw-p 00000000 00:00 0 
7fbb3541f000-7fbb38000000 ---p 00000000 00:00 0 
7fbb38000000-7fbb38065000 rw-p 00000000 00:00 0 
7fbb38065000-7fbb3c000000 ---p 00000000 00:00 0 
7fbb3c000000-7fbb3c2c8000 rw-p 00000000 00:00 0 
7fbb3c2c8000-7fbb40000000 ---p 00000000 00:00 0 
7fbb40000000-7fbb4077b000 rw-p 00000000 00:00 0 
7fbb4077b000-7fbb44000000 ---p 00000000 00:00 0 
7fbb44000000-7fbb4510c000 rw-p 00000000 00:00 0 
7fbb4510c000-7fbb48000000 ---p 00000000 00:00 0 
7fbb48000000-7fbb49f07000 rw-p 00000000 00:00 0 
7fbb49f07000-7fbb4c000000 ---p 00000000 00:00 0 
7fbb4c000000-7fbb4c164000 rw-p 00000000 00:00 0 
7fbb4c164000-7fbb50000000 ---p 00000000 00:00 0 
7fbb50000000-7fbb50748000 rw-p 00000000 00:00 0 
7fbb50748000-7fbb54000000 ---p 00000000 00:00 0 
7fbb54000000-7fbb58000000 rw-p 00000000 00:00 0 
7fbb58000000-7fbb590df000 rw-p 00000000 00:00 0 
7fbb590df000-7fbb5c000000 ---p 00000000 00:00 0 
7fbb5c000000-7fbb5c5e6000 rw-p 00000000 00:00 0 
7fbb5c5e6000-7fbb60000000 ---p 00000000 00:00 0 
7fbb60000000-7fbb602a2000 rw-p 00000000 00:00 0 
7fbb602a2000-7fbb64000000 ---p 00000000 00:00 0 
7fbb64000000-7fbb64f68000 rw-p 00000000 00:00 0 
7fbb64f68000-7fbb68000000 ---p 00000000 00:00 0 
7fbb68000000-7fbb694d7000 rw-p 00000000 00:00 0 
7fbb694d7000-7fbb6c000000 ---p 00000000 00:00 0 
7fbb6c000000-7fbb6c3c1000 rw-p 00000000 00:00 0 
7fbb6c3c1000-7fbb70000000 ---p 00000000 00:00 0 
7fbb70097000-7fbb7009b000 r--p 00000000 fd:01 14159755                   /usr/lib/x86_64-linux-gnu/libresolv-2.31.so
7fbb7009b000-7fbb700ab000 r-xp 00004000 fd:01 14159755                   /usr/lib/x86_64-linux-gnu/libresolv-2.31.so
7fbb700ab000-7fbb700ae000 r--p 00014000 fd:01 14159755                   /usr/lib/x86_64-linux-gnu/libresolv-2.31.so
7fbb700ae000-7fbb700af000 ---p 00017000 fd:01 14159755                   /usr/lib/x86_64-linux-gnu/libresolv-2.31.so
7fbb700af000-7fbb700b0000 r--p 00017000 fd:01 14159755                   /usr/lib/x86_64-linux-gnu/libresolv-2.31.so
7fbb700b0000-7fbb700b1000 rw-p 00018000 fd:01 14159755                   /usr/lib/x86_64-linux-gnu/libresolv-2.31.so
7fbb700b1000-7fbb700b3000 rw-p 00000000 00:00 0 
7fbb700c9000-7fbb700cd000 ---p 00000000 00:00 0 
7fbb700cd000-7fbb701ca000 rw-p 00000000 00:00 0 
7fbb701ca000-7fbb701ce000 ---p 00000000 00:00 0 
7fbb701ce000-7fbb702cb000 rw-p 00000000 00:00 0 
7fbb702cb000-7fbb702cf000 ---p 00000000 00:00 0 
7fbb702cf000-7fbb703cc000 rw-p 00000000 00:00 0 
7fbb703cc000-7fbb703d0000 ---p 00000000 00:00 0 
7fbb703d0000-7fbb706cd000 rw-p 00000000 00:00 0 
7fbb706cd000-7fbb706d1000 ---p 00000000 00:00 0 
7fbb706d1000-7fbb709ce000 rw-p 00000000 00:00 0 
7fbb709ce000-7fbb709d2000 ---p 00000000 00:00 0 
7fbb709d2000-7fbb70acf000 rw-p 00000000 00:00 0 
7fbb70acf000-7fbb70ad3000 ---p 00000000 00:00 0 
7fbb70ad3000-7fbb70dd0000 rw-p 00000000 00:00 0 
7fbb70dd0000-7fbb70dd4000 ---p 00000000 00:00 0 
7fbb70dd4000-7fbb710d1000 rw-p 00000000 00:00 0 
7fbb710d1000-7fbb710d5000 ---p 00000000 00:00 0 
7fbb710d5000-7fbb713d2000 rw-p 00000000 00:00 0 
7fbb713d2000-7fbb715d2000 rw-p 00000000 00:00 0 
7fbb715d2000-7fbb715d6000 ---p 00000000 00:00 0 
7fbb715d6000-7fbb716d3000 rw-p 00000000 00:00 0 
7fbb716d3000-7fbb716d7000 ---p 00000000 00:00 0 
7fbb716d7000-7fbb719d4000 rw-p 00000000 00:00 0 
7fbb719d4000-7fbb719d8000 ---p 00000000 00:00 0 
7fbb719d8000-7fbb71cd5000 rw-p 00000000 00:00 0 
7fbb71cd5000-7fbb71cd9000 ---p 00000000 00:00 0 
7fbb71cd9000-7fbb71fd6000 rw-p 00000000 00:00 0 
7fbb71fd6000-7fbb71fda000 ---p 00000000 00:00 0 
7fbb71fda000-7fbb720d7000 rw-p 00000000 00:00 0 
7fbb720d7000-7fbb720d8000 ---p 00000000 00:00 0 
7fbb720d8000-7fbb721d9000 rw-p 00000000 00:00 0 
7fbb721d9000-7fbb721da000 ---p 00000000 00:00 0 
7fbb721da000-7fbb722db000 rw-p 00000000 00:00 0 
7fbb722db000-7fbb722dc000 ---p 00000000 00:00 0 
7fbb722dc000-7fbb723dd000 rw-p 00000000 00:00 0 
7fbb723dd000-7fbb723e1000 ---p 00000000 00:00 0 
7fbb723e1000-7fbb724de000 rw-p 00000000 00:00 0 
7fbb724de000-7fbb724ee000 r-xp 00000000 00:36 3540926                    /home/juanipis/.config/Code/User/globalStorage/redhat.java/0.75.0/config_linux/org.eclipse.equinox.launcher/org.eclipse.equinox.launcher.gtk.linux.x86_64_1.2.0.v20200915-1442/eclipse_11201.so
7fbb724ee000-7fbb726ed000 ---p 00010000 00:36 3540926                    /home/juanipis/.config/Code/User/globalStorage/redhat.java/0.75.0/config_linux/org.eclipse.equinox.launcher/org.eclipse.equinox.launcher.gtk.linux.x86_64_1.2.0.v20200915-1442/eclipse_11201.so
7fbb726ed000-7fbb726ee000 r--p 0000f000 00:36 3540926                    /home/juanipis/.config/Code/User/globalStorage/redhat.java/0.75.0/config_linux/org.eclipse.equinox.launcher/org.eclipse.equinox.launcher.gtk.linux.x86_64_1.2.0.v20200915-1442/eclipse_11201.so
7fbb726ee000-7fbb726ef000 rw-p 00010000 00:36 3540926                    /home/juanipis/.config/Code/User/globalStorage/redhat.java/0.75.0/config_linux/org.eclipse.equinox.launcher/org.eclipse.equinox.launcher.gtk.linux.x86_64_1.2.0.v20200915-1442/eclipse_11201.so
7fbb726ef000-7fbb726f3000 ---p 00000000 00:00 0 
7fbb726f3000-7fbb727f0000 rw-p 00000000 00:00 0 
7fbb727f0000-7fbb727f4000 ---p 00000000 00:00 0 
7fbb727f4000-7fbb728f1000 rw-p 00000000 00:00 0 
7fbb728f1000-7fbb728f5000 ---p 00000000 00:00 0 
7fbb728f5000-7fbb729f2000 rw-p 00000000 00:00 0 
7fbb729f2000-7fbb729f3000 ---p 00000000 00:00 0 
7fbb729f3000-7fbb72af4000 rw-p 00000000 00:00 0 
7fbb72af4000-7fbb72af8000 ---p 00000000 00:00 0 
7fbb72af8000-7fbb72bf5000 rw-p 00000000 00:00 0 
7fbb72bf5000-7fbb72bf9000 ---p 00000000 00:00 0 
7fbb72bf9000-7fbb72cf6000 rw-p 00000000 00:00 0 
7fbb72cf6000-7fbb72cfa000 ---p 00000000 00:00 0 
7fbb72cfa000-7fbb72df7000 rw-p 00000000 00:00 0 
7fbb72df7000-7fbb72dfb000 ---p 00000000 00:00 0 
7fbb72dfb000-7fbb72ef8000 rw-p 00000000 00:00 0 
7fbb72ef8000-7fbb72efc000 ---p 00000000 00:00 0 
7fbb72efc000-7fbb72ff9000 rw-p 00000000 00:00 0 
7fbb72ff9000-7fbb72ffd000 ---p 00000000 00:00 0 
7fbb72ffd000-7fbb730fa000 rw-p 00000000 00:00 0 
7fbb730fa000-7fbb738f8000 r--p 00000000 fd:01 14162790                   /usr/lib/locale/locale-archive
7fbb738f8000-7fbb738fc000 ---p 00000000 00:00 0 
7fbb738fc000-7fbb739f9000 rw-p 00000000 00:00 0 
7fbb739f9000-7fbb739fd000 ---p 00000000 00:00 0 
7fbb739fd000-7fbb73afa000 rw-p 00000000 00:00 0 
7fbb73afa000-7fbb73afb000 ---p 00000000 00:00 0 
7fbb73afb000-7fbb74000000 rw-p 00000000 00:00 0 
7fbb74000000-7fbb746fa000 rw-p 00000000 00:00 0 
7fbb746fa000-7fbb78000000 ---p 00000000 00:00 0 
7fbb78008000-7fbb7800a000 r--p 00000000 fd:01 14159748                   /usr/lib/x86_64-linux-gnu/libnss_dns-2.31.so
7fbb7800a000-7fbb7800e000 r-xp 00002000 fd:01 14159748                   /usr/lib/x86_64-linux-gnu/libnss_dns-2.31.so
7fbb7800e000-7fbb7800f000 r--p 00006000 fd:01 14159748                   /usr/lib/x86_64-linux-gnu/libnss_dns-2.31.so
7fbb7800f000-7fbb78010000 r--p 00006000 fd:01 14159748                   /usr/lib/x86_64-linux-gnu/libnss_dns-2.31.so
7fbb78010000-7fbb78011000 rw-p 00007000 fd:01 14159748                   /usr/lib/x86_64-linux-gnu/libnss_dns-2.31.so
7fbb78011000-7fbb78019000 r--p 00000000 fd:01 14295191                   /usr/lib/jvm/java-11-openjdk-amd64/lib/libsunec.so
7fbb78019000-7fbb78032000 r-xp 00008000 fd:01 14295191                   /usr/lib/jvm/java-11-openjdk-amd64/lib/libsunec.so
7fbb78032000-7fbb7803c000 r--p 00021000 fd:01 14295191                   /usr/lib/jvm/java-11-openjdk-amd64/lib/libsunec.so
7fbb7803c000-7fbb7803d000 ---p 0002b000 fd:01 14295191                   /usr/lib/jvm/java-11-openjdk-amd64/lib/libsunec.so
7fbb7803d000-7fbb78041000 r--p 0002b000 fd:01 14295191                   /usr/lib/jvm/java-11-openjdk-amd64/lib/libsunec.so
7fbb78041000-7fbb78043000 rw-p 0002f000 fd:01 14295191                   /usr/lib/jvm/java-11-openjdk-amd64/lib/libsunec.so
7fbb78043000-7fbb78047000 ---p 00000000 00:00 0 
7fbb78047000-7fbb78065000 rw-p 00000000 00:00 0 
7fbb78065000-7fbb78089000 r--p 00000000 fd:01 15731588                   /usr/share/locale-langpack/es/LC_MESSAGES/libc.mo
7fbb78089000-7fbb78891000 rw-p 00000000 00:00 0 
7fbb78891000-7fbb78b01000 rwxp 00000000 00:00 0 
7fbb78b01000-7fbb78e21000 ---p 00000000 00:00 0 
7fbb78e21000-7fbb7b651000 rwxp 00000000 00:00 0 
7fbb7b651000-7fbb80359000 ---p 00000000 00:00 0 
7fbb80359000-7fbb81869000 rwxp 00000000 00:00 0 
7fbb81869000-7fbb87891000 ---p 00000000 00:00 0 
7fbb87891000-7fbb90000000 r--s 00000000 fd:01 14295197                   /usr/lib/jvm/java-11-openjdk-amd64/lib/modules
7fbb90000000-7fbb915fa000 rw-p 00000000 00:00 0 
7fbb915fa000-7fbb94000000 ---p 00000000 00:00 0 
7fbb94000000-7fbb94001000 r--p 00000000 fd:01 14163960                   /usr/lib/x86_64-linux-gnu/libnss_mdns4_minimal.so.2
7fbb94001000-7fbb94003000 r-xp 00001000 fd:01 14163960                   /usr/lib/x86_64-linux-gnu/libnss_mdns4_minimal.so.2
7fbb94003000-7fbb94004000 r--p 00003000 fd:01 14163960                   /usr/lib/x86_64-linux-gnu/libnss_mdns4_minimal.so.2
7fbb94004000-7fbb94005000 r--p 00003000 fd:01 14163960                   /usr/lib/x86_64-linux-gnu/libnss_mdns4_minimal.so.2
7fbb94005000-7fbb94006000 rw-p 00004000 fd:01 14163960                   /usr/lib/x86_64-linux-gnu/libnss_mdns4_minimal.so.2
7fbb94006000-7fbb94007000 r--p 00000000 fd:01 14295155                   /usr/lib/jvm/java-11-openjdk-amd64/lib/libextnet.so
7fbb94007000-7fbb94008000 r-xp 00001000 fd:01 14295155                   /usr/lib/jvm/java-11-openjdk-amd64/lib/libextnet.so
7fbb94008000-7fbb94009000 r--p 00002000 fd:01 14295155                   /usr/lib/jvm/java-11-openjdk-amd64/lib/libextnet.so
7fbb94009000-7fbb9400a000 r--p 00002000 fd:01 14295155                   /usr/lib/jvm/java-11-openjdk-amd64/lib/libextnet.so
7fbb9400a000-7fbb9400b000 rw-p 00003000 fd:01 14295155                   /usr/lib/jvm/java-11-openjdk-amd64/lib/libextnet.so
7fbb9400b000-7fbb94012000 r--s 00000000 fd:01 14817711                   /usr/lib/x86_64-linux-gnu/gconv/gconv-modules.cache
7fbb94012000-7fbb94016000 r--p 00000000 fd:01 14295183                   /usr/lib/jvm/java-11-openjdk-amd64/lib/libnet.so
7fbb94016000-7fbb94025000 r-xp 00004000 fd:01 14295183                   /usr/lib/jvm/java-11-openjdk-amd64/lib/libnet.so
7fbb94025000-7fbb94029000 r--p 00013000 fd:01 14295183                   /usr/lib/jvm/java-11-openjdk-amd64/lib/libnet.so
7fbb94029000-7fbb9402a000 r--p 00016000 fd:01 14295183                   /usr/lib/jvm/java-11-openjdk-amd64/lib/libnet.so
7fbb9402a000-7fbb9402b000 rw-p 00017000 fd:01 14295183                   /usr/lib/jvm/java-11-openjdk-amd64/lib/libnet.so
7fbb9402b000-7fbb94032000 r--p 00000000 fd:01 14295185                   /usr/lib/jvm/java-11-openjdk-amd64/lib/libnio.so
7fbb94032000-7fbb9403a000 r-xp 00007000 fd:01 14295185                   /usr/lib/jvm/java-11-openjdk-amd64/lib/libnio.so
7fbb9403a000-7fbb9403d000 r--p 0000f000 fd:01 14295185                   /usr/lib/jvm/java-11-openjdk-amd64/lib/libnio.so
7fbb9403d000-7fbb9403e000 r--p 00011000 fd:01 14295185                   /usr/lib/jvm/java-11-openjdk-amd64/lib/libnio.so
7fbb9403e000-7fbb9403f000 rw-p 00012000 fd:01 14295185                   /usr/lib/jvm/java-11-openjdk-amd64/lib/libnio.so
7fbb9403f000-7fbb96e32000 rw-p 00000000 00:00 0 
7fbb96e32000-7fbb96e33000 ---p 00000000 00:00 0 
7fbb96e33000-7fbb96f76000 rw-p 00000000 00:00 0 
7fbb96f76000-7fbb9708a000 ---p 00000000 00:00 0 
7fbb9708a000-7fbb970cc000 rw-p 00000000 00:00 0 
7fbb970cc000-7fbb971df000 ---p 00000000 00:00 0 
7fbb971df000-7fbb971e5000 rw-p 00000000 00:00 0 
7fbb971e5000-7fbb9728a000 ---p 00000000 00:00 0 
7fbb9728a000-7fbb972b6000 rw-p 00000000 00:00 0 
7fbb972b6000-7fbb97376000 ---p 00000000 00:00 0 
7fbb97376000-7fbb973c7000 rw-p 00000000 00:00 0 
7fbb973c7000-7fbb97461000 ---p 00000000 00:00 0 
7fbb97461000-7fbb97466000 rw-p 00000000 00:00 0 
7fbb97466000-7fbb9746d000 ---p 00000000 00:00 0 
7fbb9746d000-7fbb97470000 r--p 00000000 fd:01 14159749                   /usr/lib/x86_64-linux-gnu/libnss_files-2.31.so
7fbb97470000-7fbb97477000 r-xp 00003000 fd:01 14159749                   /usr/lib/x86_64-linux-gnu/libnss_files-2.31.so
7fbb97477000-7fbb97479000 r--p 0000a000 fd:01 14159749                   /usr/lib/x86_64-linux-gnu/libnss_files-2.31.so
7fbb97479000-7fbb9747a000 r--p 0000b000 fd:01 14159749                   /usr/lib/x86_64-linux-gnu/libnss_files-2.31.so
7fbb9747a000-7fbb9747b000 rw-p 0000c000 fd:01 14159749                   /usr/lib/x86_64-linux-gnu/libnss_files-2.31.so
7fbb9747b000-7fbb97481000 rw-p 00000000 00:00 0 
7fbb97485000-7fbb97487000 r--p 00000000 fd:01 14295195                   /usr/lib/jvm/java-11-openjdk-amd64/lib/libzip.so
7fbb97487000-7fbb9748b000 r-xp 00002000 fd:01 14295195                   /usr/lib/jvm/java-11-openjdk-amd64/lib/libzip.so
7fbb9748b000-7fbb9748d000 r--p 00006000 fd:01 14295195                   /usr/lib/jvm/java-11-openjdk-amd64/lib/libzip.so
7fbb9748d000-7fbb9748e000 r--p 00007000 fd:01 14295195                   /usr/lib/jvm/java-11-openjdk-amd64/lib/libzip.so
7fbb9748e000-7fbb9748f000 rw-p 00008000 fd:01 14295195                   /usr/lib/jvm/java-11-openjdk-amd64/lib/libzip.so
7fbb9748f000-7fbb97497000 rw-s 00000000 fd:01 9437234                    /tmp/hsperfdata_juanipis/2502
7fbb97497000-7fbb97499000 r--p 00000000 fd:01 14295171                   /usr/lib/jvm/java-11-openjdk-amd64/lib/libjimage.so
7fbb97499000-7fbb9749c000 r-xp 00002000 fd:01 14295171                   /usr/lib/jvm/java-11-openjdk-amd64/lib/libjimage.so
7fbb9749c000-7fbb9749d000 r--p 00005000 fd:01 14295171                   /usr/lib/jvm/java-11-openjdk-amd64/lib/libjimage.so
7fbb9749d000-7fbb9749e000 ---p 00006000 fd:01 14295171                   /usr/lib/jvm/java-11-openjdk-amd64/lib/libjimage.so
7fbb9749e000-7fbb9749f000 r--p 00006000 fd:01 14295171                   /usr/lib/jvm/java-11-openjdk-amd64/lib/libjimage.so
7fbb9749f000-7fbb974a0000 rw-p 00007000 fd:01 14295171                   /usr/lib/jvm/java-11-openjdk-amd64/lib/libjimage.so
7fbb974a0000-7fbb974ae000 r--p 00000000 fd:01 14295165                   /usr/lib/jvm/java-11-openjdk-amd64/lib/libjava.so
7fbb974ae000-7fbb974c4000 r-xp 0000e000 fd:01 14295165                   /usr/lib/jvm/java-11-openjdk-amd64/lib/libjava.so
7fbb974c4000-7fbb974cb000 r--p 00024000 fd:01 14295165                   /usr/lib/jvm/java-11-openjdk-amd64/lib/libjava.so
7fbb974cb000-7fbb974cc000 r--p 0002a000 fd:01 14295165                   /usr/lib/jvm/java-11-openjdk-amd64/lib/libjava.so
7fbb974cc000-7fbb974cd000 rw-p 0002b000 fd:01 14295165                   /usr/lib/jvm/java-11-openjdk-amd64/lib/libjava.so
7fbb974cd000-7fbb974ce000 rw-p 00000000 00:00 0 
7fbb974ce000-7fbb974d1000 r--p 00000000 fd:01 14159756                   /usr/lib/x86_64-linux-gnu/librt-2.31.so
7fbb974d1000-7fbb974d5000 r-xp 00003000 fd:01 14159756                   /usr/lib/x86_64-linux-gnu/librt-2.31.so
7fbb974d5000-7fbb974d6000 r--p 00007000 fd:01 14159756                   /usr/lib/x86_64-linux-gnu/librt-2.31.so
7fbb974d6000-7fbb974d7000 ---p 00008000 fd:01 14159756                   /usr/lib/x86_64-linux-gnu/librt-2.31.so
7fbb974d7000-7fbb974d8000 r--p 00008000 fd:01 14159756                   /usr/lib/x86_64-linux-gnu/librt-2.31.so
7fbb974d8000-7fbb974d9000 rw-p 00009000 fd:01 14159756                   /usr/lib/x86_64-linux-gnu/librt-2.31.so
7fbb974d9000-7fbb974dd000 ---p 00000000 00:00 0 
7fbb974dd000-7fbb975da000 rw-p 00000000 00:00 0 
7fbb975da000-7fbb975dd000 r--p 00000000 fd:01 14163452                   /usr/lib/x86_64-linux-gnu/libgcc_s.so.1
7fbb975dd000-7fbb975ef000 r-xp 00003000 fd:01 14163452                   /usr/lib/x86_64-linux-gnu/libgcc_s.so.1
7fbb975ef000-7fbb975f3000 r--p 00015000 fd:01 14163452                   /usr/lib/x86_64-linux-gnu/libgcc_s.so.1
7fbb975f3000-7fbb975f4000 r--p 00018000 fd:01 14163452                   /usr/lib/x86_64-linux-gnu/libgcc_s.so.1
7fbb975f4000-7fbb975f5000 rw-p 00019000 fd:01 14163452                   /usr/lib/x86_64-linux-gnu/libgcc_s.so.1
7fbb975f5000-7fbb97604000 r--p 00000000 fd:01 14159743                   /usr/lib/x86_64-linux-gnu/libm-2.31.so
7fbb97604000-7fbb976ab000 r-xp 0000f000 fd:01 14159743                   /usr/lib/x86_64-linux-gnu/libm-2.31.so
7fbb976ab000-7fbb97742000 r--p 000b6000 fd:01 14159743                   /usr/lib/x86_64-linux-gnu/libm-2.31.so
7fbb97742000-7fbb97743000 r--p 0014c000 fd:01 14159743                   /usr/lib/x86_64-linux-gnu/libm-2.31.so
7fbb97743000-7fbb97744000 rw-p 0014d000 fd:01 14159743                   /usr/lib/x86_64-linux-gnu/libm-2.31.so
7fbb97744000-7fbb977da000 r--p 00000000 fd:01 14164268                   /usr/lib/x86_64-linux-gnu/libstdc++.so.6.0.28
7fbb977da000-7fbb978ca000 r-xp 00096000 fd:01 14164268                   /usr/lib/x86_64-linux-gnu/libstdc++.so.6.0.28
7fbb978ca000-7fbb97913000 r--p 00186000 fd:01 14164268                   /usr/lib/x86_64-linux-gnu/libstdc++.so.6.0.28
7fbb97913000-7fbb97914000 ---p 001cf000 fd:01 14164268                   /usr/lib/x86_64-linux-gnu/libstdc++.so.6.0.28
7fbb97914000-7fbb9791f000 r--p 001cf000 fd:01 14164268                   /usr/lib/x86_64-linux-gnu/libstdc++.so.6.0.28
7fbb9791f000-7fbb97922000 rw-p 001da000 fd:01 14164268                   /usr/lib/x86_64-linux-gnu/libstdc++.so.6.0.28
7fbb97922000-7fbb97925000 rw-p 00000000 00:00 0 
7fbb97925000-7fbb97b9e000 r--p 00000000 fd:01 14295201                   /usr/lib/jvm/java-11-openjdk-amd64/lib/server/libjvm.so
7fbb97b9e000-7fbb9881f000 r-xp 00279000 fd:01 14295201                   /usr/lib/jvm/java-11-openjdk-amd64/lib/server/libjvm.so
7fbb9881f000-7fbb98a75000 r--p 00efa000 fd:01 14295201                   /usr/lib/jvm/java-11-openjdk-amd64/lib/server/libjvm.so
7fbb98a75000-7fbb98a76000 ---p 01150000 fd:01 14295201                   /usr/lib/jvm/java-11-openjdk-amd64/lib/server/libjvm.so
7fbb98a76000-7fbb98b37000 r--p 01150000 fd:01 14295201                   /usr/lib/jvm/java-11-openjdk-amd64/lib/server/libjvm.so
7fbb98b37000-7fbb98b72000 rw-p 01211000 fd:01 14295201                   /usr/lib/jvm/java-11-openjdk-amd64/lib/server/libjvm.so
7fbb98b72000-7fbb98bcb000 rw-p 00000000 00:00 0 
7fbb98bcb000-7fbb98bd2000 r--p 00000000 fd:01 14159754                   /usr/lib/x86_64-linux-gnu/libpthread-2.31.so
7fbb98bd2000-7fbb98be3000 r-xp 00007000 fd:01 14159754                   /usr/lib/x86_64-linux-gnu/libpthread-2.31.so
7fbb98be3000-7fbb98be8000 r--p 00018000 fd:01 14159754                   /usr/lib/x86_64-linux-gnu/libpthread-2.31.so
7fbb98be8000-7fbb98be9000 r--p 0001c000 fd:01 14159754                   /usr/lib/x86_64-linux-gnu/libpthread-2.31.so
7fbb98be9000-7fbb98bea000 rw-p 0001d000 fd:01 14159754                   /usr/lib/x86_64-linux-gnu/libpthread-2.31.so
7fbb98bea000-7fbb98bee000 rw-p 00000000 00:00 0 
7fbb98bee000-7fbb98bef000 r--p 00000000 fd:01 14159742                   /usr/lib/x86_64-linux-gnu/libdl-2.31.so
7fbb98bef000-7fbb98bf1000 r-xp 00001000 fd:01 14159742                   /usr/lib/x86_64-linux-gnu/libdl-2.31.so
7fbb98bf1000-7fbb98bf2000 r--p 00003000 fd:01 14159742                   /usr/lib/x86_64-linux-gnu/libdl-2.31.so
7fbb98bf2000-7fbb98bf3000 r--p 00003000 fd:01 14159742                   /usr/lib/x86_64-linux-gnu/libdl-2.31.so
7fbb98bf3000-7fbb98bf4000 rw-p 00004000 fd:01 14159742                   /usr/lib/x86_64-linux-gnu/libdl-2.31.so
7fbb98bf4000-7fbb98bf6000 r--p 00000000 fd:01 14164545                   /usr/lib/x86_64-linux-gnu/libz.so.1.2.11
7fbb98bf6000-7fbb98c07000 r-xp 00002000 fd:01 14164545                   /usr/lib/x86_64-linux-gnu/libz.so.1.2.11
7fbb98c07000-7fbb98c0d000 r--p 00013000 fd:01 14164545                   /usr/lib/x86_64-linux-gnu/libz.so.1.2.11
7fbb98c0d000-7fbb98c0e000 ---p 00019000 fd:01 14164545                   /usr/lib/x86_64-linux-gnu/libz.so.1.2.11
7fbb98c0e000-7fbb98c0f000 r--p 00019000 fd:01 14164545                   /usr/lib/x86_64-linux-gnu/libz.so.1.2.11
7fbb98c0f000-7fbb98c10000 rw-p 0001a000 fd:01 14164545                   /usr/lib/x86_64-linux-gnu/libz.so.1.2.11
7fbb98c10000-7fbb98c35000 r--p 00000000 fd:01 14159741                   /usr/lib/x86_64-linux-gnu/libc-2.31.so
7fbb98c35000-7fbb98dad000 r-xp 00025000 fd:01 14159741                   /usr/lib/x86_64-linux-gnu/libc-2.31.so
7fbb98dad000-7fbb98df7000 r--p 0019d000 fd:01 14159741                   /usr/lib/x86_64-linux-gnu/libc-2.31.so
7fbb98df7000-7fbb98df8000 ---p 001e7000 fd:01 14159741                   /usr/lib/x86_64-linux-gnu/libc-2.31.so
7fbb98df8000-7fbb98dfb000 r--p 001e7000 fd:01 14159741                   /usr/lib/x86_64-linux-gnu/libc-2.31.so
7fbb98dfb000-7fbb98dfe000 rw-p 001ea000 fd:01 14159741                   /usr/lib/x86_64-linux-gnu/libc-2.31.so
7fbb98dfe000-7fbb98e02000 rw-p 00000000 00:00 0 
7fbb98e04000-7fbb98e05000 ---p 00000000 00:00 0 
7fbb98e05000-7fbb98e06000 r--p 00000000 00:00 0 
7fbb98e06000-7fbb98e0b000 r--p 00000000 fd:01 14295194                   /usr/lib/jvm/java-11-openjdk-amd64/lib/libverify.so
7fbb98e0b000-7fbb98e12000 r-xp 00005000 fd:01 14295194                   /usr/lib/jvm/java-11-openjdk-amd64/lib/libverify.so
7fbb98e12000-7fbb98e14000 r--p 0000c000 fd:01 14295194                   /usr/lib/jvm/java-11-openjdk-amd64/lib/libverify.so
7fbb98e14000-7fbb98e15000 ---p 0000e000 fd:01 14295194                   /usr/lib/jvm/java-11-openjdk-amd64/lib/libverify.so
7fbb98e15000-7fbb98e17000 r--p 0000e000 fd:01 14295194                   /usr/lib/jvm/java-11-openjdk-amd64/lib/libverify.so
7fbb98e17000-7fbb98e18000 rw-p 00010000 fd:01 14295194                   /usr/lib/jvm/java-11-openjdk-amd64/lib/libverify.so
7fbb98e18000-7fbb98e1b000 r--p 00000000 fd:01 14295140                   /usr/lib/jvm/java-11-openjdk-amd64/lib/jli/libjli.so
7fbb98e1b000-7fbb98e25000 r-xp 00003000 fd:01 14295140                   /usr/lib/jvm/java-11-openjdk-amd64/lib/jli/libjli.so
7fbb98e25000-7fbb98e28000 r--p 0000d000 fd:01 14295140                   /usr/lib/jvm/java-11-openjdk-amd64/lib/jli/libjli.so
7fbb98e28000-7fbb98e29000 ---p 00010000 fd:01 14295140                   /usr/lib/jvm/java-11-openjdk-amd64/lib/jli/libjli.so
7fbb98e29000-7fbb98e2a000 r--p 00010000 fd:01 14295140                   /usr/lib/jvm/java-11-openjdk-amd64/lib/jli/libjli.so
7fbb98e2a000-7fbb98e2b000 rw-p 00011000 fd:01 14295140                   /usr/lib/jvm/java-11-openjdk-amd64/lib/jli/libjli.so
7fbb98e2b000-7fbb98e2d000 rw-p 00000000 00:00 0 
7fbb98e2d000-7fbb98e2e000 r--p 00000000 fd:01 14159680                   /usr/lib/x86_64-linux-gnu/ld-2.31.so
7fbb98e2e000-7fbb98e51000 r-xp 00001000 fd:01 14159680                   /usr/lib/x86_64-linux-gnu/ld-2.31.so
7fbb98e51000-7fbb98e59000 r--p 00024000 fd:01 14159680                   /usr/lib/x86_64-linux-gnu/ld-2.31.so
7fbb98e5a000-7fbb98e5b000 r--p 0002c000 fd:01 14159680                   /usr/lib/x86_64-linux-gnu/ld-2.31.so
7fbb98e5b000-7fbb98e5c000 rw-p 0002d000 fd:01 14159680                   /usr/lib/x86_64-linux-gnu/ld-2.31.so
7fbb98e5c000-7fbb98e5d000 rw-p 00000000 00:00 0 
7ffca27ec000-7ffca280e000 rw-p 00000000 00:00 0                          [stack]
7ffca282a000-7ffca282d000 r--p 00000000 00:00 0                          [vvar]
7ffca282d000-7ffca282e000 r-xp 00000000 00:00 0                          [vdso]
ffffffffff600000-ffffffffff601000 --xp 00000000 00:00 0                  [vsyscall]


VM Arguments:
jvm_args: --add-modules=ALL-SYSTEM --add-opens=java.base/java.util=ALL-UNNAMED --add-opens=java.base/java.lang=ALL-UNNAMED -Declipse.application=org.eclipse.jdt.ls.core.id1 -Dosgi.bundles.defaultStartLevel=4 -Declipse.product=org.eclipse.jdt.ls.core.product -Dfile.encoding=utf8 -XX:+UseParallelGC -XX:GCTimeRatio=4 -XX:AdaptiveSizePolicyWeight=90 -Dsun.zip.disableMemoryMapping=true -Xmx1G -Xms100m -Xverify:none 
java_command: /home/juanipis/.vscode/extensions/redhat.java-0.75.0/server/plugins/org.eclipse.equinox.launcher_1.6.0.v20200915-1508.jar -configuration /home/juanipis/.config/Code/User/globalStorage/redhat.java/0.75.0/config_linux -data /home/juanipis/.config/Code/User/workspaceStorage/105db25c69e7ceb41560b2b36f3cc134/redhat.java/jdt_ws
java_class_path (initial): /home/juanipis/.vscode/extensions/redhat.java-0.75.0/server/plugins/org.eclipse.equinox.launcher_1.6.0.v20200915-1508.jar
Launcher Type: SUN_STANDARD

[Global flags]
    uintx AdaptiveSizePolicyWeight                 = 90                                        {product} {command line}
     bool BytecodeVerificationLocal                = false                                     {product} {command line}
     bool BytecodeVerificationRemote               = false                                     {product} {command line}
     intx CICompilerCount                          = 3                                         {product} {ergonomic}
    uintx GCTimeRatio                              = 4                                         {product} {command line}
   size_t InitialHeapSize                          = 104857600                                 {product} {command line}
   size_t MaxHeapSize                              = 1073741824                                {product} {command line}
   size_t MaxNewSize                               = 357564416                                 {product} {ergonomic}
   size_t MinHeapDeltaBytes                        = 524288                                    {product} {ergonomic}
   size_t NewSize                                  = 34603008                                  {product} {ergonomic}
    uintx NonNMethodCodeHeapSize                   = 5830732                                {pd product} {ergonomic}
    uintx NonProfiledCodeHeapSize                  = 122913754                              {pd product} {ergonomic}
   size_t OldSize                                  = 70254592                                  {product} {ergonomic}
    uintx ProfiledCodeHeapSize                     = 122913754                              {pd product} {ergonomic}
    uintx ReservedCodeCacheSize                    = 251658240                              {pd product} {ergonomic}
     bool SegmentedCodeCache                       = true                                      {product} {ergonomic}
     bool UseCompressedClassPointers               = true                                 {lp64_product} {ergonomic}
     bool UseCompressedOops                        = true                                 {lp64_product} {ergonomic}
     bool UseParallelGC                            = true                                      {product} {command line}

Logging:
Log output configuration:
 #0: stdout all=warning uptime,level,tags
 #1: stderr all=off uptime,level,tags

Environment Variables:
PATH=/usr/local/sbin:/usr/local/bin:/usr/sbin:/usr/bin:/sbin:/bin:/usr/games:/usr/local/games:/snap/bin
SHELL=/bin/bash
DISPLAY=:0
LANG=es_CO.UTF-8

Signal Handlers:
SIGSEGV: [libjvm.so+0xe85e00], sa_mask[0]=11111111011111111101111111111110, sa_flags=SA_RESTART|SA_SIGINFO
SIGBUS: [libjvm.so+0xe85e00], sa_mask[0]=11111111011111111101111111111110, sa_flags=SA_RESTART|SA_SIGINFO
SIGFPE: [libjvm.so+0xe85e00], sa_mask[0]=11111111011111111101111111111110, sa_flags=SA_RESTART|SA_SIGINFO
SIGPIPE: [libjvm.so+0xbcbc30], sa_mask[0]=11111111011111111101111111111110, sa_flags=SA_RESTART|SA_SIGINFO
SIGXFSZ: [libjvm.so+0xbcbc30], sa_mask[0]=11111111011111111101111111111110, sa_flags=SA_RESTART|SA_SIGINFO
SIGILL: [libjvm.so+0xe85e00], sa_mask[0]=11111111011111111101111111111110, sa_flags=SA_RESTART|SA_SIGINFO
SIGUSR2: [libjvm.so+0xbcbad0], sa_mask[0]=00000000000000000000000000000000, sa_flags=SA_RESTART|SA_SIGINFO
SIGHUP: [libjvm.so+0xbcbf70], sa_mask[0]=11111111011111111101111111111110, sa_flags=SA_RESTART|SA_SIGINFO
SIGINT: [libjvm.so+0xbcbf70], sa_mask[0]=11111111011111111101111111111110, sa_flags=SA_RESTART|SA_SIGINFO
SIGTERM: [libjvm.so+0xbcbf70], sa_mask[0]=11111111011111111101111111111110, sa_flags=SA_RESTART|SA_SIGINFO
SIGQUIT: [libjvm.so+0xbcbf70], sa_mask[0]=11111111011111111101111111111110, sa_flags=SA_RESTART|SA_SIGINFO


---------------  S Y S T E M  ---------------

OS:DISTRIB_ID=LinuxMint
DISTRIB_RELEASE=20.1
DISTRIB_CODENAME=ulyssa
DISTRIB_DESCRIPTION="Linux Mint 20.1 Ulyssa"
uname:Linux 5.4.0-65-generic #73-Ubuntu SMP Mon Jan 18 17:25:17 UTC 2021 x86_64
OS uptime: 0 days 1:16 hours
libc:glibc 2.31 NPTL 2.31 
rlimit (soft/hard): STACK 8192k/infinity , CORE 0k/infinity , NPROC 31014/31014 , NOFILE 1048576/1048576 , AS infinity/infinity , CPU infinity/infinity , DATA infinity/infinity , FSIZE infinity/infinity , MEMLOCK 65536k/65536k
load average:1,45 1,53 1,71

/proc/meminfo:
MemTotal:        8031592 kB
MemFree:          617116 kB
MemAvailable:    4494464 kB
Buffers:          135868 kB
Cached:          4034444 kB
SwapCached:            0 kB
Active:          3655420 kB
Inactive:        3061000 kB
Active(anon):    2669612 kB
Inactive(anon):   100316 kB
Active(file):     985808 kB
Inactive(file):  2960684 kB
Unevictable:      206792 kB
Mlocked:              64 kB
SwapTotal:       1003516 kB
SwapFree:        1003516 kB
Dirty:             10240 kB
Writeback:             0 kB
AnonPages:       2752952 kB
Mapped:           771832 kB
Shmem:            322988 kB
KReclaimable:     240780 kB
Slab:             378016 kB
SReclaimable:     240780 kB
SUnreclaim:       137236 kB
KernelStack:       15504 kB
PageTables:        35276 kB
NFS_Unstable:          0 kB
Bounce:                0 kB
WritebackTmp:          0 kB
CommitLimit:     5019312 kB
Committed_AS:    8906076 kB
VmallocTotal:   34359738367 kB
VmallocUsed:       37108 kB
VmallocChunk:          0 kB
Percpu:             3632 kB
HardwareCorrupted:     0 kB
AnonHugePages:         0 kB
ShmemHugePages:        0 kB
ShmemPmdMapped:        0 kB
FileHugePages:         0 kB
FilePmdMapped:         0 kB
CmaTotal:              0 kB
CmaFree:               0 kB
HugePages_Total:       0
HugePages_Free:        0
HugePages_Rsvd:        0
HugePages_Surp:        0
Hugepagesize:       2048 kB
Hugetlb:               0 kB
DirectMap4k:      356544 kB
DirectMap2M:     7911424 kB

/sys/kernel/mm/transparent_hugepage/enabled:
always [madvise] never
/sys/kernel/mm/transparent_hugepage/defrag (defrag/compaction efforts parameter):
always defer defer+madvise [madvise] never

/proc/sys/kernel/threads-max (system-wide limit on the number of threads):
62029
/proc/sys/vm/max_map_count (maximum number of memory map areas a process may have):
65530
/proc/sys/kernel/pid_max (system-wide limit on number of process identifiers):
4194304

container (cgroup) information:
container_type: cgroupv1
cpu_cpuset_cpus: 0-3
cpu_memory_nodes: 0
active_processor_count: 4
cpu_quota: -1
cpu_period: 100000
cpu_shares: -1
memory_limit_in_bytes: -1
memory_and_swap_limit_in_bytes: -2
memory_soft_limit_in_bytes: -1
memory_usage_in_bytes: 2644623360
memory_max_usage_in_bytes: 2811072512

Steal ticks since vm start: 0
Steal ticks percentage since vm start:  0,000

CPU:total 4 (initial active 4) (4 cores per cpu, 1 threads per core) family 6 model 55 stepping 8 microcode 0x838, cmov, cx8, fxsr, mmx, sse, sse2, sse3, ssse3, sse4.1, sse4.2, popcnt, clmul, erms, 3dnowpref, tsc, tscinvbit
CPU Model and flags from /proc/cpuinfo:
model name	: Intel(R) Pentium(R) CPU  N3540  @ 2.16GHz
flags		: fpu vme de pse tsc msr pae mce cx8 apic sep mtrr pge mca cmov pat pse36 clflush dts acpi mmx fxsr sse sse2 ss ht tm pbe syscall nx rdtscp lm constant_tsc arch_perfmon pebs bts rep_good nopl xtopology tsc_reliable nonstop_tsc cpuid aperfmperf tsc_known_freq pni pclmulqdq dtes64 monitor ds_cpl vmx est tm2 ssse3 cx16 xtpr pdcm sse4_1 sse4_2 movbe popcnt tsc_deadline_timer rdrand lahf_lm 3dnowprefetch epb pti ibrs ibpb stibp tpr_shadow vnmi flexpriority ept vpid tsc_adjust smep erms dtherm ida arat md_clear
Online cpus:
0-3
Offline cpus:

BIOS frequency limitation:
<Not Available>
Frequency switch latency (ns):
0
Available cpu frequencies:
<Not Available>
Current governor:
powersave
Core performance/turbo boost:
<Not Available>

Memory: 4k page, physical 8031592k(617116k free), swap 1003516k(1003516k free)

vm_info: OpenJDK 64-Bit Server VM (11.0.10+9-Ubuntu-0ubuntu1.20.04) for linux-amd64 JRE (11.0.10+9-Ubuntu-0ubuntu1.20.04), built on Jan 20 2021 02:32:18 by "unknown" with gcc 9.3.0

END.
